{"C:\\Github\\MiniHotel\\frontend\\components\\ChangelogViewer.tsx": {"path":"C:\\Github\\MiniHotel\\frontend\\components\\ChangelogViewer.tsx","statementMap":{"0":{"start":{"line":1,"column":0},"end":{"line":1,"column":null}},"1":{"start":{"line":20,"column":17},"end":{"line":23,"column":null}},"2":{"start":{"line":22,"column":18},"end":{"line":22,"column":30}},"3":{"start":{"line":23,"column":21},"end":{"line":23,"column":93}},"4":{"start":{"line":25,"column":22},"end":{"line":25,"column":null}},"5":{"start":{"line":27,"column":2},"end":{"line":33,"column":null}},"6":{"start":{"line":28,"column":4},"end":{"line":31,"column":null}},"7":{"start":{"line":35,"column":8},"end":{"line":39,"column":null}},"8":{"start":{"line":36,"column":4},"end":{"line":38,"column":null}},"9":{"start":{"line":37,"column":6},"end":{"line":37,"column":null}},"10":{"start":{"line":41,"column":8},"end":{"line":43,"column":null}},"11":{"start":{"line":42,"column":4},"end":{"line":42,"column":null}},"12":{"start":{"line":42,"column":27},"end":{"line":42,"column":48}},"13":{"start":{"line":45,"column":8},"end":{"line":47,"column":null}},"14":{"start":{"line":46,"column":4},"end":{"line":46,"column":null}},"15":{"start":{"line":46,"column":27},"end":{"line":46,"column":64}},"16":{"start":{"line":50,"column":8},"end":{"line":101,"column":null}},"17":{"start":{"line":51,"column":18},"end":{"line":51,"column":null}},"18":{"start":{"line":52,"column":40},"end":{"line":52,"column":null}},"19":{"start":{"line":53,"column":39},"end":{"line":53,"column":null}},"20":{"start":{"line":54,"column":18},"end":{"line":54,"column":null}},"21":{"start":{"line":56,"column":10},"end":{"line":65,"column":null}},"22":{"start":{"line":57,"column":6},"end":{"line":64,"column":null}},"23":{"start":{"line":58,"column":8},"end":{"line":62,"column":null}},"24":{"start":{"line":63,"column":8},"end":{"line":63,"column":null}},"25":{"start":{"line":67,"column":4},"end":{"line":97,"column":null}},"26":{"start":{"line":68,"column":22},"end":{"line":68,"column":null}},"27":{"start":{"line":69,"column":6},"end":{"line":96,"column":null}},"28":{"start":{"line":70,"column":8},"end":{"line":70,"column":null}},"29":{"start":{"line":71,"column":26},"end":{"line":71,"column":null}},"30":{"start":{"line":72,"column":8},"end":{"line":76,"column":null}},"31":{"start":{"line":77,"column":13},"end":{"line":96,"column":null}},"32":{"start":{"line":78,"column":8},"end":{"line":78,"column":null}},"33":{"start":{"line":79,"column":26},"end":{"line":79,"column":null}},"34":{"start":{"line":80,"column":8},"end":{"line":84,"column":null}},"35":{"start":{"line":85,"column":13},"end":{"line":96,"column":null}},"36":{"start":{"line":86,"column":26},"end":{"line":86,"column":null}},"37":{"start":{"line":87,"column":8},"end":{"line":87,"column":null}},"38":{"start":{"line":88,"column":13},"end":{"line":96,"column":null}},"39":{"start":{"line":89,"column":8},"end":{"line":89,"column":null}},"40":{"start":{"line":90,"column":8},"end":{"line":92,"column":null}},"41":{"start":{"line":91,"column":10},"end":{"line":91,"column":null}},"42":{"start":{"line":94,"column":8},"end":{"line":94,"column":null}},"43":{"start":{"line":95,"column":8},"end":{"line":95,"column":null}},"44":{"start":{"line":99,"column":4},"end":{"line":99,"column":null}},"45":{"start":{"line":100,"column":4},"end":{"line":100,"column":null}},"46":{"start":{"line":103,"column":2},"end":{"line":166,"column":null}}},"fnMap":{"0":{"name":"ChangelogViewer","decl":{"start":{"line":17,"column":16},"end":{"line":17,"column":32}},"loc":{"start":{"line":17,"column":67},"end":{"line":168,"column":null}},"line":17},"1":{"name":"(anonymous_1)","decl":{"start":{"line":22,"column":5},"end":{"line":22,"column":9}},"loc":{"start":{"line":22,"column":18},"end":{"line":22,"column":30}},"line":22},"2":{"name":"(anonymous_2)","decl":{"start":{"line":23,"column":5},"end":{"line":23,"column":12}},"loc":{"start":{"line":23,"column":21},"end":{"line":23,"column":93}},"line":23},"3":{"name":"(anonymous_3)","decl":{"start":{"line":35,"column":8},"end":{"line":35,"column":30}},"loc":{"start":{"line":35,"column":48},"end":{"line":39,"column":null}},"line":35},"4":{"name":"(anonymous_4)","decl":{"start":{"line":41,"column":8},"end":{"line":41,"column":27}},"loc":{"start":{"line":41,"column":27},"end":{"line":43,"column":null}},"line":41},"5":{"name":"(anonymous_5)","decl":{"start":{"line":42,"column":4},"end":{"line":42,"column":19}},"loc":{"start":{"line":42,"column":27},"end":{"line":42,"column":48}},"line":42},"6":{"name":"(anonymous_6)","decl":{"start":{"line":45,"column":8},"end":{"line":45,"column":27}},"loc":{"start":{"line":45,"column":27},"end":{"line":47,"column":null}},"line":45},"7":{"name":"(anonymous_7)","decl":{"start":{"line":46,"column":4},"end":{"line":46,"column":19}},"loc":{"start":{"line":46,"column":27},"end":{"line":46,"column":64}},"line":46},"8":{"name":"(anonymous_8)","decl":{"start":{"line":50,"column":8},"end":{"line":50,"column":26}},"loc":{"start":{"line":50,"column":43},"end":{"line":101,"column":null}},"line":50},"9":{"name":"(anonymous_9)","decl":{"start":{"line":56,"column":10},"end":{"line":56,"column":28}},"loc":{"start":{"line":56,"column":28},"end":{"line":65,"column":null}},"line":56},"10":{"name":"(anonymous_10)","decl":{"start":{"line":67,"column":10},"end":{"line":67,"column":19}},"loc":{"start":{"line":67,"column":35},"end":{"line":97,"column":5}},"line":67}},"branchMap":{"0":{"loc":{"start":{"line":23,"column":21},"end":{"line":23,"column":93}},"type":"binary-expr","locations":[{"start":{"line":23,"column":21},"end":{"line":23,"column":42}},{"start":{"line":23,"column":42},"end":{"line":23,"column":68}},{"start":{"line":23,"column":68},"end":{"line":23,"column":93}}],"line":23},"1":{"loc":{"start":{"line":27,"column":2},"end":{"line":33,"column":null}},"type":"if","locations":[{"start":{"line":27,"column":2},"end":{"line":33,"column":null}},{"start":{},"end":{}}],"line":27},"2":{"loc":{"start":{"line":36,"column":4},"end":{"line":38,"column":null}},"type":"if","locations":[{"start":{"line":36,"column":4},"end":{"line":38,"column":null}},{"start":{},"end":{}}],"line":36},"3":{"loc":{"start":{"line":36,"column":8},"end":{"line":36,"column":31}},"type":"binary-expr","locations":[{"start":{"line":36,"column":8},"end":{"line":36,"column":15}},{"start":{"line":36,"column":15},"end":{"line":36,"column":31}}],"line":36},"4":{"loc":{"start":{"line":57,"column":6},"end":{"line":64,"column":null}},"type":"if","locations":[{"start":{"line":57,"column":6},"end":{"line":64,"column":null}},{"start":{},"end":{}}],"line":57},"5":{"loc":{"start":{"line":69,"column":6},"end":{"line":96,"column":null}},"type":"if","locations":[{"start":{"line":69,"column":6},"end":{"line":96,"column":null}},{"start":{"line":77,"column":13},"end":{"line":96,"column":null}}],"line":69},"6":{"loc":{"start":{"line":69,"column":10},"end":{"line":69,"column":68}},"type":"binary-expr","locations":[{"start":{"line":69,"column":10},"end":{"line":69,"column":39}},{"start":{"line":69,"column":39},"end":{"line":69,"column":68}}],"line":69},"7":{"loc":{"start":{"line":77,"column":13},"end":{"line":96,"column":null}},"type":"if","locations":[{"start":{"line":77,"column":13},"end":{"line":96,"column":null}},{"start":{"line":85,"column":13},"end":{"line":96,"column":null}}],"line":77},"8":{"loc":{"start":{"line":85,"column":13},"end":{"line":96,"column":null}},"type":"if","locations":[{"start":{"line":85,"column":13},"end":{"line":96,"column":null}},{"start":{"line":88,"column":13},"end":{"line":96,"column":null}}],"line":85},"9":{"loc":{"start":{"line":85,"column":17},"end":{"line":85,"column":71}},"type":"binary-expr","locations":[{"start":{"line":85,"column":17},"end":{"line":85,"column":45}},{"start":{"line":85,"column":45},"end":{"line":85,"column":71}}],"line":85},"10":{"loc":{"start":{"line":88,"column":13},"end":{"line":96,"column":null}},"type":"if","locations":[{"start":{"line":88,"column":13},"end":{"line":96,"column":null}},{"start":{"line":93,"column":13},"end":{"line":96,"column":null}}],"line":88},"11":{"loc":{"start":{"line":88,"column":17},"end":{"line":88,"column":54}},"type":"binary-expr","locations":[{"start":{"line":88,"column":17},"end":{"line":88,"column":35}},{"start":{"line":88,"column":35},"end":{"line":88,"column":54}}],"line":88},"12":{"loc":{"start":{"line":90,"column":8},"end":{"line":92,"column":null}},"type":"if","locations":[{"start":{"line":90,"column":8},"end":{"line":92,"column":null}},{"start":{},"end":{}}],"line":90}},"s":{"0":1,"1":5,"2":15,"3":15,"4":5,"5":5,"6":0,"7":5,"8":0,"9":0,"10":5,"11":0,"12":0,"13":5,"14":2,"15":2,"16":5,"17":5,"18":5,"19":5,"20":5,"21":5,"22":15,"23":5,"24":5,"25":5,"26":18,"27":18,"28":5,"29":5,"30":5,"31":13,"32":5,"33":5,"34":5,"35":8,"36":8,"37":8,"38":0,"39":0,"40":0,"41":0,"42":0,"43":0,"44":5,"45":5,"46":5},"f":{"0":5,"1":15,"2":15,"3":0,"4":0,"5":0,"6":2,"7":2,"8":5,"9":15,"10":18},"b":{"0":[15,10,0],"1":[0,5],"2":[0,0],"3":[0,0],"4":[5,10],"5":[5,13],"6":[18,13],"7":[5,8],"8":[8,0],"9":[8,0],"10":[0,0],"11":[0,0],"12":[0,0]},"meta":{"lastBranch":13,"lastFunction":11,"lastStatement":47,"seen":{"s:1:0:1:Infinity":0,"f:17:16:17:32":0,"s:20:17:23:Infinity":1,"f:22:5:22:9":1,"s:22:18:22:30":2,"f:23:5:23:12":2,"s:23:21:23:93":3,"b:23:21:23:42:23:42:23:68:23:68:23:93":0,"s:25:22:25:Infinity":4,"b:27:2:33:Infinity:undefined:undefined:undefined:undefined":1,"s:27:2:33:Infinity":5,"s:28:4:31:Infinity":6,"s:35:8:39:Infinity":7,"f:35:8:35:30":3,"b:36:4:38:Infinity:undefined:undefined:undefined:undefined":2,"s:36:4:38:Infinity":8,"b:36:8:36:15:36:15:36:31":3,"s:37:6:37:Infinity":9,"s:41:8:43:Infinity":10,"f:41:8:41:27":4,"s:42:4:42:Infinity":11,"f:42:4:42:19":5,"s:42:27:42:48":12,"s:45:8:47:Infinity":13,"f:45:8:45:27":6,"s:46:4:46:Infinity":14,"f:46:4:46:19":7,"s:46:27:46:64":15,"s:50:8:101:Infinity":16,"f:50:8:50:26":8,"s:51:18:51:Infinity":17,"s:52:40:52:Infinity":18,"s:53:39:53:Infinity":19,"s:54:18:54:Infinity":20,"s:56:10:65:Infinity":21,"f:56:10:56:28":9,"b:57:6:64:Infinity:undefined:undefined:undefined:undefined":4,"s:57:6:64:Infinity":22,"s:58:8:62:Infinity":23,"s:63:8:63:Infinity":24,"s:67:4:97:Infinity":25,"f:67:10:67:19":10,"s:68:22:68:Infinity":26,"b:69:6:96:Infinity:77:13:96:Infinity":5,"s:69:6:96:Infinity":27,"b:69:10:69:39:69:39:69:68":6,"s:70:8:70:Infinity":28,"s:71:26:71:Infinity":29,"s:72:8:76:Infinity":30,"b:77:13:96:Infinity:85:13:96:Infinity":7,"s:77:13:96:Infinity":31,"s:78:8:78:Infinity":32,"s:79:26:79:Infinity":33,"s:80:8:84:Infinity":34,"b:85:13:96:Infinity:88:13:96:Infinity":8,"s:85:13:96:Infinity":35,"b:85:17:85:45:85:45:85:71":9,"s:86:26:86:Infinity":36,"s:87:8:87:Infinity":37,"b:88:13:96:Infinity:93:13:96:Infinity":10,"s:88:13:96:Infinity":38,"b:88:17:88:35:88:35:88:54":11,"s:89:8:89:Infinity":39,"b:90:8:92:Infinity:undefined:undefined:undefined:undefined":12,"s:90:8:92:Infinity":40,"s:91:10:91:Infinity":41,"s:94:8:94:Infinity":42,"s:95:8:95:Infinity":43,"s:99:4:99:Infinity":44,"s:100:4:100:Infinity":45,"s:103:2:166:Infinity":46},"fnNames":{}}}
,"C:\\Github\\MiniHotel\\frontend\\components\\DemoBadge.tsx": {"path":"C:\\Github\\MiniHotel\\frontend\\components\\DemoBadge.tsx","statementMap":{"0":{"start":{"line":1,"column":0},"end":{"line":1,"column":null}},"1":{"start":{"line":4,"column":17},"end":{"line":4,"column":null}},"2":{"start":{"line":6,"column":2},"end":{"line":6,"column":null}},"3":{"start":{"line":6,"column":15},"end":{"line":6,"column":null}},"4":{"start":{"line":8,"column":2},"end":{"line":13,"column":null}}},"fnMap":{"0":{"name":"DemoBadge","decl":{"start":{"line":3,"column":16},"end":{"line":3,"column":28}},"loc":{"start":{"line":3,"column":28},"end":{"line":15,"column":null}},"line":3}},"branchMap":{"0":{"loc":{"start":{"line":6,"column":2},"end":{"line":6,"column":null}},"type":"if","locations":[{"start":{"line":6,"column":2},"end":{"line":6,"column":null}},{"start":{},"end":{}}],"line":6}},"s":{"0":1,"1":2,"2":2,"3":1,"4":1},"f":{"0":2},"b":{"0":[1,1]},"meta":{"lastBranch":1,"lastFunction":1,"lastStatement":5,"seen":{"s:1:0:1:Infinity":0,"f:3:16:3:28":0,"s:4:17:4:Infinity":1,"b:6:2:6:Infinity:undefined:undefined:undefined:undefined":0,"s:6:2:6:Infinity":2,"s:6:15:6:Infinity":3,"s:8:2:13:Infinity":4},"fnNames":{}}}
,"C:\\Github\\MiniHotel\\frontend\\components\\PrivacyPolicy.tsx": {"path":"C:\\Github\\MiniHotel\\frontend\\components\\PrivacyPolicy.tsx","statementMap":{"0":{"start":{"line":1,"column":0},"end":{"line":1,"column":null}},"1":{"start":{"line":6,"column":17},"end":{"line":6,"column":null}},"2":{"start":{"line":8,"column":2},"end":{"line":33,"column":null}}},"fnMap":{"0":{"name":"PrivacyPolicy","decl":{"start":{"line":5,"column":16},"end":{"line":5,"column":32}},"loc":{"start":{"line":5,"column":32},"end":{"line":35,"column":null}},"line":5}},"branchMap":{"0":{"loc":{"start":{"line":16,"column":11},"end":{"line":23,"column":null}},"type":"cond-expr","locations":[{"start":{"line":17,"column":12},"end":{"line":21,"column":13}},{"start":{"line":21,"column":12},"end":{"line":23,"column":null}}],"line":16}},"s":{"0":1,"1":2,"2":2},"f":{"0":2},"b":{"0":[1,1]},"meta":{"lastBranch":1,"lastFunction":1,"lastStatement":3,"seen":{"s:1:0:1:Infinity":0,"f:5:16:5:32":0,"s:6:17:6:Infinity":1,"s:8:2:33:Infinity":2,"b:17:12:21:13:21:12:23:Infinity":0},"fnNames":{}}}
,"C:\\Github\\MiniHotel\\frontend\\components\\VersionIndicator.tsx": {"path":"C:\\Github\\MiniHotel\\frontend\\components\\VersionIndicator.tsx","statementMap":{"0":{"start":{"line":1,"column":0},"end":{"line":1,"column":null}},"1":{"start":{"line":8,"column":2},"end":{"line":11,"column":null}}},"fnMap":{"0":{"name":"VersionIndicator","decl":{"start":{"line":7,"column":16},"end":{"line":7,"column":33}},"loc":{"start":{"line":7,"column":69},"end":{"line":13,"column":null}},"line":7}},"branchMap":{},"s":{"0":1,"1":1},"f":{"0":1},"b":{},"meta":{"lastBranch":0,"lastFunction":1,"lastStatement":2,"seen":{"s:1:0:1:Infinity":0,"f:7:16:7:33":0,"s:8:2:11:Infinity":1},"fnNames":{}}}
,"C:\\Github\\MiniHotel\\frontend\\components\\app-sidebar.tsx": {"path":"C:\\Github\\MiniHotel\\frontend\\components\\app-sidebar.tsx","statementMap":{"0":{"start":{"line":1,"column":0},"end":{"line":1,"column":null}},"1":{"start":{"line":21,"column":8},"end":{"line":21,"column":null}},"2":{"start":{"line":22,"column":10},"end":{"line":22,"column":null}},"3":{"start":{"line":24,"column":19},"end":{"line":80,"column":null}},"4":{"start":{"line":82,"column":2},"end":{"line":132,"column":null}},"5":{"start":{"line":101,"column":16},"end":{"line":108,"column":null}},"6":{"start":{"line":125,"column":46},"end":{"line":125,"column":null}}},"fnMap":{"0":{"name":"AppSidebar","decl":{"start":{"line":20,"column":16},"end":{"line":20,"column":29}},"loc":{"start":{"line":20,"column":29},"end":{"line":134,"column":null}},"line":20},"1":{"name":"(anonymous_1)","decl":{"start":{"line":100,"column":24},"end":{"line":100,"column":29}},"loc":{"start":{"line":101,"column":16},"end":{"line":108,"column":null}},"line":101},"2":{"name":"(anonymous_2)","decl":{"start":{"line":125,"column":31},"end":{"line":125,"column":46}},"loc":{"start":{"line":125,"column":46},"end":{"line":125,"column":null}},"line":125}},"branchMap":{"0":{"loc":{"start":{"line":56,"column":13},"end":{"line":56,"column":null}},"type":"binary-expr","locations":[{"start":{"line":56,"column":13},"end":{"line":56,"column":29}},{"start":{"line":56,"column":29},"end":{"line":56,"column":null}}],"line":56},"1":{"loc":{"start":{"line":76,"column":13},"end":{"line":76,"column":null}},"type":"binary-expr","locations":[{"start":{"line":76,"column":13},"end":{"line":76,"column":31}},{"start":{"line":76,"column":31},"end":{"line":76,"column":null}}],"line":76}},"s":{"0":1,"1":2,"2":2,"3":2,"4":2,"5":22,"6":1},"f":{"0":2,"1":22,"2":1},"b":{"0":[2,0],"1":[2,0]},"meta":{"lastBranch":2,"lastFunction":3,"lastStatement":7,"seen":{"s:1:0:1:Infinity":0,"f:20:16:20:29":0,"s:21:8:21:Infinity":1,"s:22:10:22:Infinity":2,"s:24:19:80:Infinity":3,"b:56:13:56:29:56:29:56:Infinity":0,"b:76:13:76:31:76:31:76:Infinity":1,"s:82:2:132:Infinity":4,"f:100:24:100:29":1,"s:101:16:108:Infinity":5,"f:125:31:125:46":2,"s:125:46:125:Infinity":6},"fnNames":{}}}
,"C:\\Github\\MiniHotel\\frontend\\components\\auto-logout-manager.tsx": {"path":"C:\\Github\\MiniHotel\\frontend\\components\\auto-logout-manager.tsx","statementMap":{"0":{"start":{"line":1,"column":0},"end":{"line":1,"column":null}},"1":{"start":{"line":8,"column":20},"end":{"line":8,"column":null}},"2":{"start":{"line":9,"column":12},"end":{"line":9,"column":null}},"3":{"start":{"line":10,"column":10},"end":{"line":10,"column":null}},"4":{"start":{"line":12,"column":4},"end":{"line":47,"column":null}},"5":{"start":{"line":13,"column":8},"end":{"line":18,"column":null}},"6":{"start":{"line":14,"column":12},"end":{"line":16,"column":null}},"7":{"start":{"line":15,"column":16},"end":{"line":15,"column":null}},"8":{"start":{"line":17,"column":12},"end":{"line":17,"column":null}},"9":{"start":{"line":20,"column":14},"end":{"line":32,"column":null}},"10":{"start":{"line":21,"column":12},"end":{"line":23,"column":null}},"11":{"start":{"line":22,"column":16},"end":{"line":22,"column":null}},"12":{"start":{"line":25,"column":30},"end":{"line":25,"column":null}},"13":{"start":{"line":26,"column":12},"end":{"line":31,"column":null}},"14":{"start":{"line":27,"column":16},"end":{"line":30,"column":null}},"15":{"start":{"line":28,"column":20},"end":{"line":28,"column":null}},"16":{"start":{"line":29,"column":20},"end":{"line":29,"column":null}},"17":{"start":{"line":35,"column":8},"end":{"line":35,"column":null}},"18":{"start":{"line":38,"column":23},"end":{"line":38,"column":null}},"19":{"start":{"line":39,"column":8},"end":{"line":39,"column":null}},"20":{"start":{"line":39,"column":32},"end":{"line":39,"column":74}},"21":{"start":{"line":41,"column":8},"end":{"line":46,"column":null}},"22":{"start":{"line":42,"column":12},"end":{"line":44,"column":null}},"23":{"start":{"line":43,"column":16},"end":{"line":43,"column":null}},"24":{"start":{"line":45,"column":12},"end":{"line":45,"column":null}},"25":{"start":{"line":45,"column":36},"end":{"line":45,"column":81}},"26":{"start":{"line":49,"column":4},"end":{"line":49,"column":null}}},"fnMap":{"0":{"name":"AutoLogoutManager","decl":{"start":{"line":7,"column":16},"end":{"line":7,"column":36}},"loc":{"start":{"line":7,"column":36},"end":{"line":50,"column":null}},"line":7},"1":{"name":"(anonymous_1)","decl":{"start":{"line":12,"column":4},"end":{"line":12,"column":20}},"loc":{"start":{"line":12,"column":20},"end":{"line":47,"column":7}},"line":12},"2":{"name":"(anonymous_2)","decl":{"start":{"line":20,"column":14},"end":{"line":20,"column":33}},"loc":{"start":{"line":20,"column":33},"end":{"line":32,"column":null}},"line":20},"3":{"name":"(anonymous_3)","decl":{"start":{"line":27,"column":35},"end":{"line":27,"column":52}},"loc":{"start":{"line":27,"column":52},"end":{"line":30,"column":19}},"line":27},"4":{"name":"(anonymous_4)","decl":{"start":{"line":39,"column":15},"end":{"line":39,"column":23}},"loc":{"start":{"line":39,"column":32},"end":{"line":39,"column":74}},"line":39},"5":{"name":"(anonymous_5)","decl":{"start":{"line":41,"column":8},"end":{"line":41,"column":21}},"loc":{"start":{"line":41,"column":21},"end":{"line":46,"column":null}},"line":41},"6":{"name":"(anonymous_6)","decl":{"start":{"line":45,"column":19},"end":{"line":45,"column":27}},"loc":{"start":{"line":45,"column":36},"end":{"line":45,"column":81}},"line":45}},"branchMap":{"0":{"loc":{"start":{"line":13,"column":8},"end":{"line":18,"column":null}},"type":"if","locations":[{"start":{"line":13,"column":8},"end":{"line":18,"column":null}},{"start":{},"end":{}}],"line":13},"1":{"loc":{"start":{"line":13,"column":12},"end":{"line":13,"column":61}},"type":"binary-expr","locations":[{"start":{"line":13,"column":12},"end":{"line":13,"column":32}},{"start":{"line":13,"column":32},"end":{"line":13,"column":61}}],"line":13},"2":{"loc":{"start":{"line":14,"column":12},"end":{"line":16,"column":null}},"type":"if","locations":[{"start":{"line":14,"column":12},"end":{"line":16,"column":null}},{"start":{},"end":{}}],"line":14},"3":{"loc":{"start":{"line":21,"column":12},"end":{"line":23,"column":null}},"type":"if","locations":[{"start":{"line":21,"column":12},"end":{"line":23,"column":null}},{"start":{},"end":{}}],"line":21},"4":{"loc":{"start":{"line":26,"column":12},"end":{"line":31,"column":null}},"type":"if","locations":[{"start":{"line":26,"column":12},"end":{"line":31,"column":null}},{"start":{},"end":{}}],"line":26},"5":{"loc":{"start":{"line":42,"column":12},"end":{"line":44,"column":null}},"type":"if","locations":[{"start":{"line":42,"column":12},"end":{"line":44,"column":null}},{"start":{},"end":{}}],"line":42}},"s":{"0":1,"1":4,"2":4,"3":4,"4":4,"5":4,"6":2,"7":0,"8":2,"9":2,"10":3,"11":1,"12":3,"13":3,"14":3,"15":2,"16":2,"17":2,"18":2,"19":2,"20":10,"21":2,"22":2,"23":2,"24":2,"25":10,"26":4},"f":{"0":4,"1":4,"2":3,"3":2,"4":10,"5":2,"6":10},"b":{"0":[2,2],"1":[4,3],"2":[0,2],"3":[1,2],"4":[3,0],"5":[2,0]},"meta":{"lastBranch":6,"lastFunction":7,"lastStatement":27,"seen":{"s:1:0:1:Infinity":0,"f:7:16:7:36":0,"s:8:20:8:Infinity":1,"s:9:12:9:Infinity":2,"s:10:10:10:Infinity":3,"s:12:4:47:Infinity":4,"f:12:4:12:20":1,"b:13:8:18:Infinity:undefined:undefined:undefined:undefined":0,"s:13:8:18:Infinity":5,"b:13:12:13:32:13:32:13:61":1,"b:14:12:16:Infinity:undefined:undefined:undefined:undefined":2,"s:14:12:16:Infinity":6,"s:15:16:15:Infinity":7,"s:17:12:17:Infinity":8,"s:20:14:32:Infinity":9,"f:20:14:20:33":2,"b:21:12:23:Infinity:undefined:undefined:undefined:undefined":3,"s:21:12:23:Infinity":10,"s:22:16:22:Infinity":11,"s:25:30:25:Infinity":12,"b:26:12:31:Infinity:undefined:undefined:undefined:undefined":4,"s:26:12:31:Infinity":13,"s:27:16:30:Infinity":14,"f:27:35:27:52":3,"s:28:20:28:Infinity":15,"s:29:20:29:Infinity":16,"s:35:8:35:Infinity":17,"s:38:23:38:Infinity":18,"s:39:8:39:Infinity":19,"f:39:15:39:23":4,"s:39:32:39:74":20,"s:41:8:46:Infinity":21,"f:41:8:41:21":5,"b:42:12:44:Infinity:undefined:undefined:undefined:undefined":5,"s:42:12:44:Infinity":22,"s:43:16:43:Infinity":23,"s:45:12:45:Infinity":24,"f:45:19:45:27":6,"s:45:36:45:81":25,"s:49:4:49:Infinity":26},"fnNames":{}}}
,"C:\\Github\\MiniHotel\\frontend\\components\\booking-form.tsx": {"path":"C:\\Github\\MiniHotel\\frontend\\components\\booking-form.tsx","statementMap":{"0":{"start":{"line":1,"column":0},"end":{"line":1,"column":null}},"1":{"start":{"line":27,"column":22},"end":{"line":42,"column":null}},"2":{"start":{"line":32,"column":42},"end":{"line":32,"column":55}},"3":{"start":{"line":35,"column":40},"end":{"line":35,"column":100}},"4":{"start":{"line":39,"column":20},"end":{"line":39,"column":70}},"5":{"start":{"line":65,"column":10},"end":{"line":65,"column":null}},"6":{"start":{"line":66,"column":10},"end":{"line":66,"column":null}},"7":{"start":{"line":67,"column":10},"end":{"line":67,"column":null}},"8":{"start":{"line":68,"column":36},"end":{"line":68,"column":null}},"9":{"start":{"line":69,"column":10},"end":{"line":69,"column":null}},"10":{"start":{"line":71,"column":22},"end":{"line":71,"column":null}},"11":{"start":{"line":73,"column":29},"end":{"line":73,"column":null}},"12":{"start":{"line":74,"column":29},"end":{"line":74,"column":null}},"13":{"start":{"line":75,"column":27},"end":{"line":75,"column":null}},"14":{"start":{"line":76,"column":28},"end":{"line":79,"column":null}},"15":{"start":{"line":81,"column":10},"end":{"line":96,"column":null}},"16":{"start":{"line":98,"column":24},"end":{"line":98,"column":null}},"17":{"start":{"line":99,"column":25},"end":{"line":99,"column":null}},"18":{"start":{"line":100,"column":26},"end":{"line":100,"column":null}},"19":{"start":{"line":101,"column":32},"end":{"line":101,"column":null}},"20":{"start":{"line":102,"column":25},"end":{"line":102,"column":null}},"21":{"start":{"line":104,"column":4},"end":{"line":113,"column":null}},"22":{"start":{"line":105,"column":8},"end":{"line":105,"column":null}},"23":{"start":{"line":105,"column":85},"end":{"line":105,"column":null}},"24":{"start":{"line":107,"column":28},"end":{"line":107,"column":null}},"25":{"start":{"line":108,"column":29},"end":{"line":108,"column":null}},"26":{"start":{"line":110,"column":8},"end":{"line":112,"column":null}},"27":{"start":{"line":111,"column":12},"end":{"line":111,"column":null}},"28":{"start":{"line":115,"column":32},"end":{"line":138,"column":null}},"29":{"start":{"line":122,"column":8},"end":{"line":137,"column":null}},"30":{"start":{"line":123,"column":27},"end":{"line":129,"column":null}},"31":{"start":{"line":130,"column":12},"end":{"line":130,"column":null}},"32":{"start":{"line":131,"column":12},"end":{"line":134,"column":null}},"33":{"start":{"line":136,"column":12},"end":{"line":136,"column":null}},"34":{"start":{"line":140,"column":25},"end":{"line":170,"column":null}},"35":{"start":{"line":141,"column":33},"end":{"line":149,"column":null}},"36":{"start":{"line":151,"column":8},"end":{"line":153,"column":null}},"37":{"start":{"line":152,"column":12},"end":{"line":152,"column":null}},"38":{"start":{"line":155,"column":8},"end":{"line":155,"column":null}},"39":{"start":{"line":155,"column":34},"end":{"line":155,"column":null}},"40":{"start":{"line":156,"column":8},"end":{"line":156,"column":null}},"41":{"start":{"line":156,"column":34},"end":{"line":156,"column":null}},"42":{"start":{"line":157,"column":8},"end":{"line":157,"column":null}},"43":{"start":{"line":157,"column":31},"end":{"line":157,"column":null}},"44":{"start":{"line":159,"column":8},"end":{"line":159,"column":null}},"45":{"start":{"line":161,"column":8},"end":{"line":163,"column":null}},"46":{"start":{"line":162,"column":12},"end":{"line":162,"column":null}},"47":{"start":{"line":165,"column":8},"end":{"line":169,"column":null}},"48":{"start":{"line":166,"column":12},"end":{"line":166,"column":null}},"49":{"start":{"line":168,"column":12},"end":{"line":168,"column":null}},"50":{"start":{"line":172,"column":4},"end":{"line":455,"column":null}},"51":{"start":{"line":196,"column":54},"end":{"line":196,"column":null}},"52":{"start":{"line":196,"column":73},"end":{"line":196,"column":105}},"53":{"start":{"line":197,"column":40},"end":{"line":199,"column":null}},"54":{"start":{"line":212,"column":44},"end":{"line":228,"column":null}},"55":{"start":{"line":216,"column":52},"end":{"line":216,"column":null}},"56":{"start":{"line":217,"column":52},"end":{"line":217,"column":null}},"57":{"start":{"line":245,"column":48},"end":{"line":245,"column":null}},"58":{"start":{"line":252,"column":32},"end":{"line":254,"column":null}},"59":{"start":{"line":324,"column":32},"end":{"line":341,"column":null}},"60":{"start":{"line":329,"column":64},"end":{"line":329,"column":null}},"61":{"start":{"line":330,"column":44},"end":{"line":334,"column":null}},"62":{"start":{"line":331,"column":48},"end":{"line":331,"column":null}},"63":{"start":{"line":333,"column":48},"end":{"line":333,"column":null}},"64":{"start":{"line":335,"column":44},"end":{"line":335,"column":null}},"65":{"start":{"line":354,"column":52},"end":{"line":354,"column":null}},"66":{"start":{"line":376,"column":52},"end":{"line":376,"column":null}},"67":{"start":{"line":419,"column":52},"end":{"line":419,"column":null}}},"fnMap":{"0":{"name":"(anonymous_0)","decl":{"start":{"line":32,"column":22},"end":{"line":32,"column":34}},"loc":{"start":{"line":32,"column":42},"end":{"line":32,"column":55}},"line":32},"1":{"name":"(anonymous_1)","decl":{"start":{"line":35,"column":19},"end":{"line":35,"column":31}},"loc":{"start":{"line":35,"column":40},"end":{"line":35,"column":100}},"line":35},"2":{"name":"(anonymous_2)","decl":{"start":{"line":39,"column":3},"end":{"line":39,"column":11}},"loc":{"start":{"line":39,"column":20},"end":{"line":39,"column":70}},"line":39},"3":{"name":"BookingForm","decl":{"start":{"line":56,"column":16},"end":{"line":56,"column":28}},"loc":{"start":{"line":64,"column":21},"end":{"line":457,"column":null}},"line":64},"4":{"name":"(anonymous_4)","decl":{"start":{"line":104,"column":4},"end":{"line":104,"column":20}},"loc":{"start":{"line":104,"column":20},"end":{"line":113,"column":7}},"line":104},"5":{"name":"(anonymous_5)","decl":{"start":{"line":115,"column":32},"end":{"line":115,"column":null}},"loc":{"start":{"line":121,"column":9},"end":{"line":138,"column":null}},"line":121},"6":{"name":"(anonymous_6)","decl":{"start":{"line":140,"column":25},"end":{"line":140,"column":32}},"loc":{"start":{"line":140,"column":62},"end":{"line":170,"column":null}},"line":140},"7":{"name":"(anonymous_7)","decl":{"start":{"line":194,"column":33},"end":{"line":194,"column":null}},"loc":{"start":{"line":195,"column":45},"end":{"line":200,"column":39}},"line":195},"8":{"name":"(anonymous_8)","decl":{"start":{"line":196,"column":61},"end":{"line":196,"column":67}},"loc":{"start":{"line":196,"column":73},"end":{"line":196,"column":105}},"line":196},"9":{"name":"(anonymous_9)","decl":{"start":{"line":211,"column":48},"end":{"line":211,"column":53}},"loc":{"start":{"line":212,"column":44},"end":{"line":228,"column":null}},"line":212},"10":{"name":"(anonymous_10)","decl":{"start":{"line":215,"column":48},"end":{"line":215,"column":64}},"loc":{"start":{"line":215,"column":64},"end":{"line":218,"column":null}},"line":215},"11":{"name":"(anonymous_11)","decl":{"start":{"line":245,"column":24},"end":{"line":245,"column":40}},"loc":{"start":{"line":245,"column":48},"end":{"line":245,"column":null}},"line":245},"12":{"name":"(anonymous_12)","decl":{"start":{"line":251,"column":35},"end":{"line":251,"column":40}},"loc":{"start":{"line":252,"column":32},"end":{"line":254,"column":null}},"line":252},"13":{"name":"(anonymous_13)","decl":{"start":{"line":323,"column":38},"end":{"line":323,"column":43}},"loc":{"start":{"line":324,"column":32},"end":{"line":341,"column":null}},"line":324},"14":{"name":"(anonymous_14)","decl":{"start":{"line":328,"column":40},"end":{"line":328,"column":58}},"loc":{"start":{"line":328,"column":70},"end":{"line":336,"column":null}},"line":328},"15":{"name":"(anonymous_15)","decl":{"start":{"line":354,"column":28},"end":{"line":354,"column":44}},"loc":{"start":{"line":354,"column":52},"end":{"line":354,"column":null}},"line":354},"16":{"name":"(anonymous_16)","decl":{"start":{"line":376,"column":28},"end":{"line":376,"column":44}},"loc":{"start":{"line":376,"column":52},"end":{"line":376,"column":null}},"line":376},"17":{"name":"(anonymous_17)","decl":{"start":{"line":419,"column":28},"end":{"line":419,"column":44}},"loc":{"start":{"line":419,"column":52},"end":{"line":419,"column":null}},"line":419}},"branchMap":{"0":{"loc":{"start":{"line":35,"column":40},"end":{"line":35,"column":100}},"type":"cond-expr","locations":[{"start":{"line":35,"column":74},"end":{"line":35,"column":86}},{"start":{"line":35,"column":86},"end":{"line":35,"column":100}}],"line":35},"1":{"loc":{"start":{"line":35,"column":40},"end":{"line":35,"column":74}},"type":"binary-expr","locations":[{"start":{"line":35,"column":40},"end":{"line":35,"column":54}},{"start":{"line":35,"column":54},"end":{"line":35,"column":74}}],"line":35},"2":{"loc":{"start":{"line":84,"column":21},"end":{"line":84,"column":null}},"type":"cond-expr","locations":[{"start":{"line":84,"column":45},"end":{"line":84,"column":79}},{"start":{"line":84,"column":79},"end":{"line":84,"column":null}}],"line":84},"3":{"loc":{"start":{"line":85,"column":20},"end":{"line":85,"column":null}},"type":"binary-expr","locations":[{"start":{"line":85,"column":20},"end":{"line":85,"column":56}},{"start":{"line":85,"column":56},"end":{"line":85,"column":null}}],"line":85},"4":{"loc":{"start":{"line":86,"column":21},"end":{"line":86,"column":null}},"type":"binary-expr","locations":[{"start":{"line":86,"column":21},"end":{"line":86,"column":64}},{"start":{"line":86,"column":64},"end":{"line":86,"column":null}}],"line":86},"5":{"loc":{"start":{"line":87,"column":22},"end":{"line":87,"column":null}},"type":"binary-expr","locations":[{"start":{"line":87,"column":22},"end":{"line":87,"column":66}},{"start":{"line":87,"column":66},"end":{"line":87,"column":null}}],"line":87},"6":{"loc":{"start":{"line":88,"column":28},"end":{"line":88,"column":null}},"type":"binary-expr","locations":[{"start":{"line":88,"column":28},"end":{"line":88,"column":61}},{"start":{"line":88,"column":61},"end":{"line":88,"column":null}}],"line":88},"7":{"loc":{"start":{"line":89,"column":20},"end":{"line":89,"column":null}},"type":"binary-expr","locations":[{"start":{"line":89,"column":20},"end":{"line":89,"column":43}},{"start":{"line":89,"column":43},"end":{"line":89,"column":null}}],"line":89},"8":{"loc":{"start":{"line":90,"column":27},"end":{"line":90,"column":null}},"type":"binary-expr","locations":[{"start":{"line":90,"column":27},"end":{"line":90,"column":58}},{"start":{"line":90,"column":58},"end":{"line":90,"column":null}}],"line":90},"9":{"loc":{"start":{"line":91,"column":25},"end":{"line":91,"column":null}},"type":"cond-expr","locations":[{"start":{"line":91,"column":53},"end":{"line":91,"column":89}},{"start":{"line":91,"column":89},"end":{"line":91,"column":null}}],"line":91},"10":{"loc":{"start":{"line":92,"column":27},"end":{"line":92,"column":null}},"type":"binary-expr","locations":[{"start":{"line":92,"column":27},"end":{"line":92,"column":58}},{"start":{"line":92,"column":58},"end":{"line":92,"column":null}}],"line":92},"11":{"loc":{"start":{"line":93,"column":24},"end":{"line":93,"column":null}},"type":"binary-expr","locations":[{"start":{"line":93,"column":24},"end":{"line":93,"column":52}},{"start":{"line":93,"column":52},"end":{"line":93,"column":null}}],"line":93},"12":{"loc":{"start":{"line":94,"column":19},"end":{"line":94,"column":null}},"type":"binary-expr","locations":[{"start":{"line":94,"column":19},"end":{"line":94,"column":41}},{"start":{"line":94,"column":41},"end":{"line":94,"column":null}}],"line":94},"13":{"loc":{"start":{"line":105,"column":8},"end":{"line":105,"column":null}},"type":"if","locations":[{"start":{"line":105,"column":8},"end":{"line":105,"column":null}},{"start":{},"end":{}}],"line":105},"14":{"loc":{"start":{"line":105,"column":12},"end":{"line":105,"column":85}},"type":"binary-expr","locations":[{"start":{"line":105,"column":12},"end":{"line":105,"column":28}},{"start":{"line":105,"column":28},"end":{"line":105,"column":45}},{"start":{"line":105,"column":45},"end":{"line":105,"column":63}},{"start":{"line":105,"column":63},"end":{"line":105,"column":85}}],"line":105},"15":{"loc":{"start":{"line":110,"column":8},"end":{"line":112,"column":null}},"type":"if","locations":[{"start":{"line":110,"column":8},"end":{"line":112,"column":null}},{"start":{},"end":{}}],"line":110},"16":{"loc":{"start":{"line":110,"column":12},"end":{"line":110,"column":107}},"type":"binary-expr","locations":[{"start":{"line":110,"column":12},"end":{"line":110,"column":45}},{"start":{"line":110,"column":45},"end":{"line":110,"column":79}},{"start":{"line":110,"column":79},"end":{"line":110,"column":107}}],"line":110},"17":{"loc":{"start":{"line":127,"column":34},"end":{"line":127,"column":null}},"type":"cond-expr","locations":[{"start":{"line":127,"column":51},"end":{"line":127,"column":76}},{"start":{"line":127,"column":76},"end":{"line":127,"column":null}}],"line":127},"18":{"loc":{"start":{"line":130,"column":30},"end":{"line":130,"column":75}},"type":"binary-expr","locations":[{"start":{"line":130,"column":30},"end":{"line":130,"column":53}},{"start":{"line":130,"column":53},"end":{"line":130,"column":75}}],"line":130},"19":{"loc":{"start":{"line":133,"column":21},"end":{"line":133,"column":null}},"type":"binary-expr","locations":[{"start":{"line":133,"column":21},"end":{"line":133,"column":44}},{"start":{"line":133,"column":44},"end":{"line":133,"column":null}}],"line":133},"20":{"loc":{"start":{"line":148,"column":19},"end":{"line":148,"column":null}},"type":"binary-expr","locations":[{"start":{"line":148,"column":19},"end":{"line":148,"column":35}},{"start":{"line":148,"column":35},"end":{"line":148,"column":null}}],"line":148},"21":{"loc":{"start":{"line":151,"column":8},"end":{"line":153,"column":null}},"type":"if","locations":[{"start":{"line":151,"column":8},"end":{"line":153,"column":null}},{"start":{},"end":{}}],"line":151},"22":{"loc":{"start":{"line":151,"column":12},"end":{"line":151,"column":76}},"type":"binary-expr","locations":[{"start":{"line":151,"column":12},"end":{"line":151,"column":48}},{"start":{"line":151,"column":48},"end":{"line":151,"column":76}}],"line":151},"23":{"loc":{"start":{"line":155,"column":8},"end":{"line":155,"column":null}},"type":"if","locations":[{"start":{"line":155,"column":8},"end":{"line":155,"column":null}},{"start":{},"end":{}}],"line":155},"24":{"loc":{"start":{"line":156,"column":8},"end":{"line":156,"column":null}},"type":"if","locations":[{"start":{"line":156,"column":8},"end":{"line":156,"column":null}},{"start":{},"end":{}}],"line":156},"25":{"loc":{"start":{"line":157,"column":8},"end":{"line":157,"column":null}},"type":"if","locations":[{"start":{"line":157,"column":8},"end":{"line":157,"column":null}},{"start":{},"end":{}}],"line":157},"26":{"loc":{"start":{"line":161,"column":8},"end":{"line":163,"column":null}},"type":"if","locations":[{"start":{"line":161,"column":8},"end":{"line":163,"column":null}},{"start":{},"end":{}}],"line":161},"27":{"loc":{"start":{"line":179,"column":25},"end":{"line":185,"column":null}},"type":"binary-expr","locations":[{"start":{"line":179,"column":25},"end":{"line":179,"column":null}},{"start":{"line":180,"column":28},"end":{"line":185,"column":null}}],"line":179},"28":{"loc":{"start":{"line":192,"column":72},"end":{"line":192,"column":125}},"type":"binary-expr","locations":[{"start":{"line":192,"column":72},"end":{"line":192,"column":105}},{"start":{"line":192,"column":105},"end":{"line":192,"column":125}}],"line":192},"29":{"loc":{"start":{"line":194,"column":33},"end":{"line":201,"column":null}},"type":"cond-expr","locations":[{"start":{"line":194,"column":33},"end":{"line":200,"column":null}},{"start":{"line":201,"column":38},"end":{"line":201,"column":null}}],"line":194},"30":{"loc":{"start":{"line":197,"column":47},"end":{"line":199,"column":null}},"type":"cond-expr","locations":[{"start":{"line":198,"column":46},"end":{"line":198,"column":null}},{"start":{"line":199,"column":46},"end":{"line":199,"column":null}}],"line":197},"31":{"loc":{"start":{"line":198,"column":88},"end":{"line":198,"column":null}},"type":"cond-expr","locations":[{"start":{"line":198,"column":102},"end":{"line":198,"column":123}},{"start":{"line":198,"column":123},"end":{"line":198,"column":null}}],"line":198},"32":{"loc":{"start":{"line":214,"column":97},"end":{"line":214,"column":null}},"type":"binary-expr","locations":[{"start":{"line":214,"column":97},"end":{"line":214,"column":112}},{"start":{"line":214,"column":112},"end":{"line":214,"column":null}}],"line":214},"33":{"loc":{"start":{"line":223,"column":56},"end":{"line":223,"column":null}},"type":"cond-expr","locations":[{"start":{"line":223,"column":95},"end":{"line":223,"column":111}},{"start":{"line":223,"column":111},"end":{"line":223,"column":null}}],"line":223},"34":{"loc":{"start":{"line":227,"column":49},"end":{"line":227,"column":null}},"type":"binary-expr","locations":[{"start":{"line":227,"column":49},"end":{"line":227,"column":64}},{"start":{"line":227,"column":64},"end":{"line":227,"column":null}}],"line":227},"35":{"loc":{"start":{"line":235,"column":21},"end":{"line":236,"column":null}},"type":"binary-expr","locations":[{"start":{"line":235,"column":21},"end":{"line":235,"column":null}},{"start":{"line":236,"column":24},"end":{"line":236,"column":null}}],"line":235},"36":{"loc":{"start":{"line":247,"column":53},"end":{"line":247,"column":105}},"type":"binary-expr","locations":[{"start":{"line":247,"column":53},"end":{"line":247,"column":85}},{"start":{"line":247,"column":85},"end":{"line":247,"column":105}}],"line":247},"37":{"loc":{"start":{"line":258,"column":21},"end":{"line":259,"column":null}},"type":"binary-expr","locations":[{"start":{"line":258,"column":21},"end":{"line":258,"column":null}},{"start":{"line":259,"column":24},"end":{"line":259,"column":null}}],"line":258},"38":{"loc":{"start":{"line":271,"column":42},"end":{"line":271,"column":95}},"type":"binary-expr","locations":[{"start":{"line":271,"column":42},"end":{"line":271,"column":75}},{"start":{"line":271,"column":75},"end":{"line":271,"column":95}}],"line":271},"39":{"loc":{"start":{"line":273,"column":25},"end":{"line":274,"column":null}},"type":"binary-expr","locations":[{"start":{"line":273,"column":25},"end":{"line":273,"column":null}},{"start":{"line":274,"column":28},"end":{"line":274,"column":null}}],"line":273},"40":{"loc":{"start":{"line":282,"column":33},"end":{"line":282,"column":null}},"type":"cond-expr","locations":[{"start":{"line":282,"column":48},"end":{"line":282,"column":132}},{"start":{"line":282,"column":132},"end":{"line":282,"column":null}}],"line":282},"41":{"loc":{"start":{"line":284,"column":42},"end":{"line":284,"column":96}},"type":"binary-expr","locations":[{"start":{"line":284,"column":42},"end":{"line":284,"column":76}},{"start":{"line":284,"column":76},"end":{"line":284,"column":96}}],"line":284},"42":{"loc":{"start":{"line":286,"column":25},"end":{"line":287,"column":null}},"type":"binary-expr","locations":[{"start":{"line":286,"column":25},"end":{"line":286,"column":null}},{"start":{"line":287,"column":28},"end":{"line":287,"column":null}}],"line":286},"43":{"loc":{"start":{"line":297,"column":42},"end":{"line":297,"column":102}},"type":"binary-expr","locations":[{"start":{"line":297,"column":42},"end":{"line":297,"column":82}},{"start":{"line":297,"column":82},"end":{"line":297,"column":102}}],"line":297},"44":{"loc":{"start":{"line":299,"column":25},"end":{"line":300,"column":null}},"type":"binary-expr","locations":[{"start":{"line":299,"column":25},"end":{"line":299,"column":null}},{"start":{"line":300,"column":28},"end":{"line":300,"column":null}}],"line":299},"45":{"loc":{"start":{"line":305,"column":17},"end":{"line":315,"column":null}},"type":"binary-expr","locations":[{"start":{"line":305,"column":17},"end":{"line":305,"column":null}},{"start":{"line":306,"column":20},"end":{"line":315,"column":null}}],"line":305},"46":{"loc":{"start":{"line":312,"column":42},"end":{"line":312,"column":null}},"type":"binary-expr","locations":[{"start":{"line":312,"column":42},"end":{"line":312,"column":65}},{"start":{"line":312,"column":65},"end":{"line":312,"column":null}}],"line":312},"47":{"loc":{"start":{"line":319,"column":17},"end":{"line":345,"column":null}},"type":"binary-expr","locations":[{"start":{"line":319,"column":17},"end":{"line":319,"column":null}},{"start":{"line":320,"column":20},"end":{"line":345,"column":null}}],"line":319},"48":{"loc":{"start":{"line":330,"column":44},"end":{"line":334,"column":null}},"type":"if","locations":[{"start":{"line":330,"column":44},"end":{"line":334,"column":null}},{"start":{"line":332,"column":51},"end":{"line":334,"column":null}}],"line":330},"49":{"loc":{"start":{"line":343,"column":29},"end":{"line":344,"column":null}},"type":"binary-expr","locations":[{"start":{"line":343,"column":29},"end":{"line":343,"column":54}},{"start":{"line":343,"column":54},"end":{"line":344,"column":null}}],"line":343},"50":{"loc":{"start":{"line":356,"column":57},"end":{"line":356,"column":109}},"type":"binary-expr","locations":[{"start":{"line":356,"column":57},"end":{"line":356,"column":89}},{"start":{"line":356,"column":89},"end":{"line":356,"column":109}}],"line":356},"51":{"loc":{"start":{"line":368,"column":25},"end":{"line":369,"column":null}},"type":"binary-expr","locations":[{"start":{"line":368,"column":25},"end":{"line":368,"column":null}},{"start":{"line":369,"column":28},"end":{"line":369,"column":null}}],"line":368},"52":{"loc":{"start":{"line":396,"column":29},"end":{"line":401,"column":null}},"type":"binary-expr","locations":[{"start":{"line":396,"column":29},"end":{"line":396,"column":47}},{"start":{"line":396,"column":47},"end":{"line":396,"column":null}},{"start":{"line":397,"column":32},"end":{"line":401,"column":null}}],"line":396},"53":{"loc":{"start":{"line":407,"column":41},"end":{"line":407,"column":null}},"type":"cond-expr","locations":[{"start":{"line":407,"column":72},"end":{"line":407,"column":109}},{"start":{"line":407,"column":109},"end":{"line":407,"column":null}}],"line":407},"54":{"loc":{"start":{"line":407,"column":41},"end":{"line":407,"column":72}},"type":"binary-expr","locations":[{"start":{"line":407,"column":41},"end":{"line":407,"column":59}},{"start":{"line":407,"column":59},"end":{"line":407,"column":72}}],"line":407},"55":{"loc":{"start":{"line":409,"column":42},"end":{"line":409,"column":99}},"type":"binary-expr","locations":[{"start":{"line":409,"column":42},"end":{"line":409,"column":79}},{"start":{"line":409,"column":79},"end":{"line":409,"column":99}}],"line":409},"56":{"loc":{"start":{"line":411,"column":25},"end":{"line":412,"column":null}},"type":"binary-expr","locations":[{"start":{"line":411,"column":25},"end":{"line":411,"column":null}},{"start":{"line":412,"column":28},"end":{"line":412,"column":null}}],"line":411},"57":{"loc":{"start":{"line":452,"column":21},"end":{"line":452,"column":null}},"type":"cond-expr","locations":[{"start":{"line":452,"column":33},"end":{"line":452,"column":51}},{"start":{"line":452,"column":51},"end":{"line":452,"column":null}}],"line":452}},"s":{"0":1,"1":1,"2":7,"3":7,"4":7,"5":26,"6":26,"7":26,"8":26,"9":26,"10":26,"11":26,"12":26,"13":26,"14":26,"15":26,"16":26,"17":26,"18":26,"19":26,"20":26,"21":26,"22":15,"23":11,"24":4,"25":4,"26":4,"27":4,"28":26,"29":4,"30":4,"31":4,"32":4,"33":0,"34":26,"35":1,"36":1,"37":0,"38":1,"39":1,"40":1,"41":1,"42":1,"43":0,"44":1,"45":1,"46":0,"47":1,"48":1,"49":0,"50":26,"51":16,"52":21,"53":16,"54":52,"55":3,"56":3,"57":3,"58":52,"59":26,"60":0,"61":0,"62":0,"63":0,"64":0,"65":0,"66":0,"67":0},"f":{"0":7,"1":7,"2":7,"3":26,"4":15,"5":4,"6":1,"7":16,"8":21,"9":52,"10":3,"11":3,"12":52,"13":26,"14":0,"15":0,"16":0,"17":0},"b":{"0":[7,0],"1":[7,0],"2":[0,26],"3":[26,26],"4":[26,26],"5":[26,26],"6":[26,26],"7":[26,26],"8":[26,26],"9":[0,26],"10":[26,26],"11":[26,26],"12":[26,26],"13":[11,4],"14":[15,10,7,4],"15":[4,0],"16":[4,4,4],"17":[4,0],"18":[4,0],"19":[4,2],"20":[1,1],"21":[0,1],"22":[1,0],"23":[1,0],"24":[1,0],"25":[0,1],"26":[0,1],"27":[26,0],"28":[26,0],"29":[16,10],"30":[16,0],"31":[16,0],"32":[52,0],"33":[16,36],"34":[52,52],"35":[26,0],"36":[26,0],"37":[26,0],"38":[26,0],"39":[26,0],"40":[10,16],"41":[26,0],"42":[26,0],"43":[26,0],"44":[26,0],"45":[26,1],"46":[1,0],"47":[26,26],"48":[0,0],"49":[26,0],"50":[26,0],"51":[26,0],"52":[26,3,3],"53":[3,23],"54":[26,3],"55":[26,0],"56":[26,0],"57":[0,26]},"meta":{"lastBranch":58,"lastFunction":18,"lastStatement":68,"seen":{"s:1:0:1:Infinity":0,"s:27:22:42:Infinity":1,"f:32:22:32:34":0,"s:32:42:32:55":2,"f:35:19:35:31":1,"s:35:40:35:100":3,"b:35:74:35:86:35:86:35:100":0,"b:35:40:35:54:35:54:35:74":1,"f:39:3:39:11":2,"s:39:20:39:70":4,"f:56:16:56:28":3,"s:65:10:65:Infinity":5,"s:66:10:66:Infinity":6,"s:67:10:67:Infinity":7,"s:68:36:68:Infinity":8,"s:69:10:69:Infinity":9,"s:71:22:71:Infinity":10,"s:73:29:73:Infinity":11,"s:74:29:74:Infinity":12,"s:75:27:75:Infinity":13,"s:76:28:79:Infinity":14,"s:81:10:96:Infinity":15,"b:84:45:84:79:84:79:84:Infinity":2,"b:85:20:85:56:85:56:85:Infinity":3,"b:86:21:86:64:86:64:86:Infinity":4,"b:87:22:87:66:87:66:87:Infinity":5,"b:88:28:88:61:88:61:88:Infinity":6,"b:89:20:89:43:89:43:89:Infinity":7,"b:90:27:90:58:90:58:90:Infinity":8,"b:91:53:91:89:91:89:91:Infinity":9,"b:92:27:92:58:92:58:92:Infinity":10,"b:93:24:93:52:93:52:93:Infinity":11,"b:94:19:94:41:94:41:94:Infinity":12,"s:98:24:98:Infinity":16,"s:99:25:99:Infinity":17,"s:100:26:100:Infinity":18,"s:101:32:101:Infinity":19,"s:102:25:102:Infinity":20,"s:104:4:113:Infinity":21,"f:104:4:104:20":4,"b:105:8:105:Infinity:undefined:undefined:undefined:undefined":13,"s:105:8:105:Infinity":22,"b:105:12:105:28:105:28:105:45:105:45:105:63:105:63:105:85":14,"s:105:85:105:Infinity":23,"s:107:28:107:Infinity":24,"s:108:29:108:Infinity":25,"b:110:8:112:Infinity:undefined:undefined:undefined:undefined":15,"s:110:8:112:Infinity":26,"b:110:12:110:45:110:45:110:79:110:79:110:107":16,"s:111:12:111:Infinity":27,"s:115:32:138:Infinity":28,"f:115:32:115:Infinity":5,"s:122:8:137:Infinity":29,"s:123:27:129:Infinity":30,"b:127:51:127:76:127:76:127:Infinity":17,"s:130:12:130:Infinity":31,"b:130:30:130:53:130:53:130:75":18,"s:131:12:134:Infinity":32,"b:133:21:133:44:133:44:133:Infinity":19,"s:136:12:136:Infinity":33,"s:140:25:170:Infinity":34,"f:140:25:140:32":6,"s:141:33:149:Infinity":35,"b:148:19:148:35:148:35:148:Infinity":20,"b:151:8:153:Infinity:undefined:undefined:undefined:undefined":21,"s:151:8:153:Infinity":36,"b:151:12:151:48:151:48:151:76":22,"s:152:12:152:Infinity":37,"b:155:8:155:Infinity:undefined:undefined:undefined:undefined":23,"s:155:8:155:Infinity":38,"s:155:34:155:Infinity":39,"b:156:8:156:Infinity:undefined:undefined:undefined:undefined":24,"s:156:8:156:Infinity":40,"s:156:34:156:Infinity":41,"b:157:8:157:Infinity:undefined:undefined:undefined:undefined":25,"s:157:8:157:Infinity":42,"s:157:31:157:Infinity":43,"s:159:8:159:Infinity":44,"b:161:8:163:Infinity:undefined:undefined:undefined:undefined":26,"s:161:8:163:Infinity":45,"s:162:12:162:Infinity":46,"s:165:8:169:Infinity":47,"s:166:12:166:Infinity":48,"s:168:12:168:Infinity":49,"s:172:4:455:Infinity":50,"b:179:25:179:Infinity:180:28:185:Infinity":27,"b:192:72:192:105:192:105:192:125":28,"b:194:33:200:Infinity:201:38:201:Infinity":29,"f:194:33:194:Infinity":7,"s:196:54:196:Infinity":51,"f:196:61:196:67":8,"s:196:73:196:105":52,"s:197:40:199:Infinity":53,"b:198:46:198:Infinity:199:46:199:Infinity":30,"b:198:102:198:123:198:123:198:Infinity":31,"f:211:48:211:53":9,"s:212:44:228:Infinity":54,"b:214:97:214:112:214:112:214:Infinity":32,"f:215:48:215:64":10,"s:216:52:216:Infinity":55,"s:217:52:217:Infinity":56,"b:223:95:223:111:223:111:223:Infinity":33,"b:227:49:227:64:227:64:227:Infinity":34,"b:235:21:235:Infinity:236:24:236:Infinity":35,"f:245:24:245:40":11,"s:245:48:245:Infinity":57,"b:247:53:247:85:247:85:247:105":36,"f:251:35:251:40":12,"s:252:32:254:Infinity":58,"b:258:21:258:Infinity:259:24:259:Infinity":37,"b:271:42:271:75:271:75:271:95":38,"b:273:25:273:Infinity:274:28:274:Infinity":39,"b:282:48:282:132:282:132:282:Infinity":40,"b:284:42:284:76:284:76:284:96":41,"b:286:25:286:Infinity:287:28:287:Infinity":42,"b:297:42:297:82:297:82:297:102":43,"b:299:25:299:Infinity:300:28:300:Infinity":44,"b:305:17:305:Infinity:306:20:315:Infinity":45,"b:312:42:312:65:312:65:312:Infinity":46,"b:319:17:319:Infinity:320:20:345:Infinity":47,"f:323:38:323:43":13,"s:324:32:341:Infinity":59,"f:328:40:328:58":14,"s:329:64:329:Infinity":60,"b:330:44:334:Infinity:332:51:334:Infinity":48,"s:330:44:334:Infinity":61,"s:331:48:331:Infinity":62,"s:333:48:333:Infinity":63,"s:335:44:335:Infinity":64,"b:343:29:343:54:343:54:344:Infinity":49,"f:354:28:354:44":15,"s:354:52:354:Infinity":65,"b:356:57:356:89:356:89:356:109":50,"b:368:25:368:Infinity:369:28:369:Infinity":51,"f:376:28:376:44":16,"s:376:52:376:Infinity":66,"b:396:29:396:47:396:47:396:Infinity:397:32:401:Infinity":52,"b:407:72:407:109:407:109:407:Infinity":53,"b:407:41:407:59:407:59:407:72":54,"b:409:42:409:79:409:79:409:99":55,"b:411:25:411:Infinity:412:28:412:Infinity":56,"f:419:28:419:44":17,"s:419:52:419:Infinity":67,"b:452:33:452:51:452:51:452:Infinity":57},"fnNames":{}}}
,"C:\\Github\\MiniHotel\\frontend\\components\\i18n-audit-loader.tsx": {"path":"C:\\Github\\MiniHotel\\frontend\\components\\i18n-audit-loader.tsx","statementMap":{"0":{"start":{"line":7,"column":25},"end":{"line":7,"column":null}},"1":{"start":{"line":8,"column":4},"end":{"line":16,"column":null}},"2":{"start":{"line":9,"column":22},"end":{"line":9,"column":null}},"3":{"start":{"line":10,"column":23},"end":{"line":10,"column":null}},"4":{"start":{"line":11,"column":8},"end":{"line":15,"column":null}},"5":{"start":{"line":12,"column":12},"end":{"line":12,"column":null}},"6":{"start":{"line":14,"column":12},"end":{"line":14,"column":null}},"7":{"start":{"line":17,"column":4},"end":{"line":17,"column":null}},"8":{"start":{"line":22,"column":4},"end":{"line":24,"column":null}},"9":{"start":{"line":23,"column":8},"end":{"line":23,"column":null}},"10":{"start":{"line":26,"column":4},"end":{"line":65,"column":null}},"11":{"start":{"line":27,"column":28},"end":{"line":27,"column":null}},"12":{"start":{"line":29,"column":8},"end":{"line":31,"column":null}},"13":{"start":{"line":30,"column":12},"end":{"line":30,"column":null}},"14":{"start":{"line":33,"column":22},"end":{"line":33,"column":null}},"15":{"start":{"line":33,"column":67},"end":{"line":33,"column":89}},"16":{"start":{"line":34,"column":54},"end":{"line":34,"column":null}},"17":{"start":{"line":35,"column":30},"end":{"line":35,"column":null}},"18":{"start":{"line":37,"column":8},"end":{"line":44,"column":null}},"19":{"start":{"line":38,"column":27},"end":{"line":38,"column":null}},"20":{"start":{"line":39,"column":28},"end":{"line":39,"column":null}},"21":{"start":{"line":40,"column":29},"end":{"line":40,"column":null}},"22":{"start":{"line":41,"column":25},"end":{"line":41,"column":null}},"23":{"start":{"line":42,"column":12},"end":{"line":42,"column":null}},"24":{"start":{"line":43,"column":12},"end":{"line":43,"column":null}},"25":{"start":{"line":43,"column":30},"end":{"line":43,"column":50}},"26":{"start":{"line":46,"column":36},"end":{"line":46,"column":null}},"27":{"start":{"line":48,"column":8},"end":{"line":58,"column":null}},"28":{"start":{"line":49,"column":31},"end":{"line":49,"column":null}},"29":{"start":{"line":50,"column":28},"end":{"line":50,"column":null}},"30":{"start":{"line":50,"column":66},"end":{"line":50,"column":84}},"31":{"start":{"line":52,"column":12},"end":{"line":57,"column":null}},"32":{"start":{"line":53,"column":16},"end":{"line":56,"column":null}},"33":{"start":{"line":60,"column":8},"end":{"line":60,"column":null}},"34":{"start":{"line":63,"column":8},"end":{"line":63,"column":null}},"35":{"start":{"line":64,"column":8},"end":{"line":64,"column":null}}},"fnMap":{"0":{"name":"flattenKeys","decl":{"start":{"line":6,"column":9},"end":{"line":6,"column":21}},"loc":{"start":{"line":6,"column":54},"end":{"line":18,"column":null}},"line":6},"1":{"name":"I18nAuditLoader","decl":{"start":{"line":20,"column":16},"end":{"line":20,"column":34}},"loc":{"start":{"line":20,"column":34},"end":{"line":66,"column":null}},"line":20},"2":{"name":"(anonymous_2)","decl":{"start":{"line":33,"column":50},"end":{"line":33,"column":58}},"loc":{"start":{"line":33,"column":67},"end":{"line":33,"column":89}},"line":33},"3":{"name":"(anonymous_3)","decl":{"start":{"line":43,"column":17},"end":{"line":43,"column":25}},"loc":{"start":{"line":43,"column":30},"end":{"line":43,"column":50}},"line":43},"4":{"name":"(anonymous_4)","decl":{"start":{"line":50,"column":54},"end":{"line":50,"column":61}},"loc":{"start":{"line":50,"column":66},"end":{"line":50,"column":84}},"line":50}},"branchMap":{"0":{"loc":{"start":{"line":6,"column":31},"end":{"line":6,"column":54}},"type":"default-arg","locations":[{"start":{"line":6,"column":40},"end":{"line":6,"column":54}}],"line":6},"1":{"loc":{"start":{"line":10,"column":23},"end":{"line":10,"column":null}},"type":"cond-expr","locations":[{"start":{"line":10,"column":32},"end":{"line":10,"column":53}},{"start":{"line":10,"column":53},"end":{"line":10,"column":null}}],"line":10},"2":{"loc":{"start":{"line":11,"column":8},"end":{"line":15,"column":null}},"type":"if","locations":[{"start":{"line":11,"column":8},"end":{"line":15,"column":null}},{"start":{"line":13,"column":15},"end":{"line":15,"column":null}}],"line":11},"3":{"loc":{"start":{"line":11,"column":12},"end":{"line":11,"column":57}},"type":"binary-expr","locations":[{"start":{"line":11,"column":12},"end":{"line":11,"column":41}},{"start":{"line":11,"column":41},"end":{"line":11,"column":57}}],"line":11},"4":{"loc":{"start":{"line":22,"column":4},"end":{"line":24,"column":null}},"type":"if","locations":[{"start":{"line":22,"column":4},"end":{"line":24,"column":null}},{"start":{},"end":{}}],"line":22},"5":{"loc":{"start":{"line":29,"column":8},"end":{"line":31,"column":null}},"type":"if","locations":[{"start":{"line":29,"column":8},"end":{"line":31,"column":null}},{"start":{},"end":{}}],"line":29},"6":{"loc":{"start":{"line":52,"column":12},"end":{"line":57,"column":null}},"type":"if","locations":[{"start":{"line":52,"column":12},"end":{"line":57,"column":null}},{"start":{},"end":{}}],"line":52}},"s":{"0":5,"1":5,"2":7,"3":7,"4":7,"5":3,"6":4,"7":5,"8":3,"9":1,"10":2,"11":2,"12":2,"13":1,"14":1,"15":2,"16":1,"17":1,"18":1,"19":2,"20":2,"21":2,"22":2,"23":2,"24":2,"25":4,"26":1,"27":1,"28":2,"29":2,"30":6,"31":2,"32":1,"33":1,"34":0,"35":0},"f":{"0":5,"1":3,"2":2,"3":4,"4":6},"b":{"0":[5],"1":[4,3],"2":[3,4],"3":[7,3],"4":[1,2],"5":[1,1],"6":[1,1]},"meta":{"lastBranch":7,"lastFunction":5,"lastStatement":36,"seen":{"f:6:9:6:21":0,"b:6:40:6:54":0,"s:7:25:7:Infinity":0,"s:8:4:16:Infinity":1,"s:9:22:9:Infinity":2,"s:10:23:10:Infinity":3,"b:10:32:10:53:10:53:10:Infinity":1,"b:11:8:15:Infinity:13:15:15:Infinity":2,"s:11:8:15:Infinity":4,"b:11:12:11:41:11:41:11:57":3,"s:12:12:12:Infinity":5,"s:14:12:14:Infinity":6,"s:17:4:17:Infinity":7,"f:20:16:20:34":1,"b:22:4:24:Infinity:undefined:undefined:undefined:undefined":4,"s:22:4:24:Infinity":8,"s:23:8:23:Infinity":9,"s:26:4:65:Infinity":10,"s:27:28:27:Infinity":11,"b:29:8:31:Infinity:undefined:undefined:undefined:undefined":5,"s:29:8:31:Infinity":12,"s:30:12:30:Infinity":13,"s:33:22:33:Infinity":14,"f:33:50:33:58":2,"s:33:67:33:89":15,"s:34:54:34:Infinity":16,"s:35:30:35:Infinity":17,"s:37:8:44:Infinity":18,"s:38:27:38:Infinity":19,"s:39:28:39:Infinity":20,"s:40:29:40:Infinity":21,"s:41:25:41:Infinity":22,"s:42:12:42:Infinity":23,"s:43:12:43:Infinity":24,"f:43:17:43:25":3,"s:43:30:43:50":25,"s:46:36:46:Infinity":26,"s:48:8:58:Infinity":27,"s:49:31:49:Infinity":28,"s:50:28:50:Infinity":29,"f:50:54:50:61":4,"s:50:66:50:84":30,"b:52:12:57:Infinity:undefined:undefined:undefined:undefined":6,"s:52:12:57:Infinity":31,"s:53:16:56:Infinity":32,"s:60:8:60:Infinity":33,"s:63:8:63:Infinity":34,"s:64:8:64:Infinity":35},"fnNames":{}}}
,"C:\\Github\\MiniHotel\\frontend\\components\\i18n-audit.tsx": {"path":"C:\\Github\\MiniHotel\\frontend\\components\\i18n-audit.tsx","statementMap":{"0":{"start":{"line":1,"column":0},"end":{"line":1,"column":null}},"1":{"start":{"line":20,"column":17},"end":{"line":20,"column":null}},"2":{"start":{"line":22,"column":4},"end":{"line":26,"column":null}},"3":{"start":{"line":23,"column":8},"end":{"line":25,"column":null}},"4":{"start":{"line":24,"column":12},"end":{"line":24,"column":null}},"5":{"start":{"line":28,"column":4},"end":{"line":28,"column":null}},"6":{"start":{"line":28,"column":42},"end":{"line":28,"column":null}},"7":{"start":{"line":30,"column":4},"end":{"line":64,"column":null}},"8":{"start":{"line":45,"column":28},"end":{"line":59,"column":null}},"9":{"start":{"line":54,"column":40},"end":{"line":56,"column":null}}},"fnMap":{"0":{"name":"I18nAudit","decl":{"start":{"line":19,"column":16},"end":{"line":19,"column":26}},"loc":{"start":{"line":19,"column":91},"end":{"line":66,"column":null}},"line":19},"1":{"name":"(anonymous_1)","decl":{"start":{"line":22,"column":4},"end":{"line":22,"column":20}},"loc":{"start":{"line":22,"column":20},"end":{"line":26,"column":7}},"line":22},"2":{"name":"(anonymous_2)","decl":{"start":{"line":44,"column":45},"end":{"line":44,"column":50}},"loc":{"start":{"line":45,"column":28},"end":{"line":59,"column":null}},"line":45},"3":{"name":"(anonymous_3)","decl":{"start":{"line":53,"column":56},"end":{"line":53,"column":61}},"loc":{"start":{"line":54,"column":40},"end":{"line":56,"column":null}},"line":54}},"branchMap":{"0":{"loc":{"start":{"line":23,"column":8},"end":{"line":25,"column":null}},"type":"if","locations":[{"start":{"line":23,"column":8},"end":{"line":25,"column":null}},{"start":{},"end":{}}],"line":23},"1":{"loc":{"start":{"line":23,"column":12},"end":{"line":23,"column":86}},"type":"binary-expr","locations":[{"start":{"line":23,"column":12},"end":{"line":23,"column":71}},{"start":{"line":23,"column":41},"end":{"line":23,"column":86}}],"line":23},"2":{"loc":{"start":{"line":28,"column":4},"end":{"line":28,"column":null}},"type":"if","locations":[{"start":{"line":28,"column":4},"end":{"line":28,"column":null}},{"start":{},"end":{}}],"line":28}},"s":{"0":1,"1":4,"2":4,"3":3,"4":1,"5":4,"6":1,"7":3,"8":3,"9":5},"f":{"0":4,"1":3,"2":3,"3":5},"b":{"0":[1,2],"1":[3,2],"2":[1,3]},"meta":{"lastBranch":3,"lastFunction":4,"lastStatement":10,"seen":{"s:1:0:1:Infinity":0,"f:19:16:19:26":0,"s:20:17:20:Infinity":1,"s:22:4:26:Infinity":2,"f:22:4:22:20":1,"b:23:8:25:Infinity:undefined:undefined:undefined:undefined":0,"s:23:8:25:Infinity":3,"b:23:12:23:71:23:41:23:86":1,"s:24:12:24:Infinity":4,"b:28:4:28:Infinity:undefined:undefined:undefined:undefined":2,"s:28:4:28:Infinity":5,"s:28:42:28:Infinity":6,"s:30:4:64:Infinity":7,"f:44:45:44:50":2,"s:45:28:59:Infinity":8,"f:53:56:53:61":3,"s:54:40:56:Infinity":9},"fnNames":{}}}
,"C:\\Github\\MiniHotel\\frontend\\components\\theme-provider.tsx": {"path":"C:\\Github\\MiniHotel\\frontend\\components\\theme-provider.tsx","statementMap":{"0":{"start":{"line":1,"column":0},"end":{"line":1,"column":null}},"1":{"start":{"line":10,"column":2},"end":{"line":10,"column":null}}},"fnMap":{"0":{"name":"ThemeProvider","decl":{"start":{"line":9,"column":16},"end":{"line":9,"column":30}},"loc":{"start":{"line":9,"column":74},"end":{"line":11,"column":null}},"line":9}},"branchMap":{},"s":{"0":1,"1":1},"f":{"0":1},"b":{},"meta":{"lastBranch":0,"lastFunction":1,"lastStatement":2,"seen":{"s:1:0:1:Infinity":0,"f:9:16:9:30":0,"s:10:2:10:Infinity":1},"fnNames":{}}}
,"C:\\Github\\MiniHotel\\frontend\\components\\ui\\button.tsx": {"path":"C:\\Github\\MiniHotel\\frontend\\components\\ui\\button.tsx","statementMap":{"0":{"start":{"line":7,"column":6},"end":{"line":37,"column":null}},"1":{"start":{"line":49,"column":15},"end":{"line":49,"column":null}},"2":{"start":{"line":51,"column":2},"end":{"line":56,"column":null}}},"fnMap":{"0":{"name":"Button","decl":{"start":{"line":39,"column":9},"end":{"line":39,"column":16}},"loc":{"start":{"line":48,"column":5},"end":{"line":58,"column":null}},"line":48}},"branchMap":{"0":{"loc":{"start":{"line":43,"column":2},"end":{"line":43,"column":null}},"type":"default-arg","locations":[{"start":{"line":43,"column":12},"end":{"line":43,"column":null}}],"line":43},"1":{"loc":{"start":{"line":49,"column":15},"end":{"line":49,"column":null}},"type":"cond-expr","locations":[{"start":{"line":49,"column":25},"end":{"line":49,"column":32}},{"start":{"line":49,"column":32},"end":{"line":49,"column":null}}],"line":49}},"s":{"0":2,"1":88,"2":88},"f":{"0":88},"b":{"0":[88],"1":[0,88]},"meta":{"lastBranch":2,"lastFunction":1,"lastStatement":3,"seen":{"s:7:6:37:Infinity":0,"f:39:9:39:16":0,"b:43:12:43:Infinity":0,"s:49:15:49:Infinity":1,"b:49:25:49:32:49:32:49:Infinity":1,"s:51:2:56:Infinity":2},"fnNames":{}}}
,"C:\\Github\\MiniHotel\\frontend\\components\\ui\\card.tsx": {"path":"C:\\Github\\MiniHotel\\frontend\\components\\ui\\card.tsx","statementMap":{"0":{"start":{"line":6,"column":2},"end":{"line":14,"column":null}},"1":{"start":{"line":19,"column":2},"end":{"line":27,"column":null}},"2":{"start":{"line":32,"column":2},"end":{"line":37,"column":null}},"3":{"start":{"line":42,"column":2},"end":{"line":47,"column":null}},"4":{"start":{"line":52,"column":2},"end":{"line":60,"column":null}},"5":{"start":{"line":65,"column":2},"end":{"line":70,"column":null}},"6":{"start":{"line":75,"column":2},"end":{"line":80,"column":null}}},"fnMap":{"0":{"name":"Card","decl":{"start":{"line":5,"column":9},"end":{"line":5,"column":14}},"loc":{"start":{"line":5,"column":68},"end":{"line":16,"column":null}},"line":5},"1":{"name":"CardHeader","decl":{"start":{"line":18,"column":9},"end":{"line":18,"column":20}},"loc":{"start":{"line":18,"column":74},"end":{"line":29,"column":null}},"line":18},"2":{"name":"CardTitle","decl":{"start":{"line":31,"column":9},"end":{"line":31,"column":19}},"loc":{"start":{"line":31,"column":73},"end":{"line":39,"column":null}},"line":31},"3":{"name":"CardDescription","decl":{"start":{"line":41,"column":9},"end":{"line":41,"column":25}},"loc":{"start":{"line":41,"column":79},"end":{"line":49,"column":null}},"line":41},"4":{"name":"CardAction","decl":{"start":{"line":51,"column":9},"end":{"line":51,"column":20}},"loc":{"start":{"line":51,"column":74},"end":{"line":62,"column":null}},"line":51},"5":{"name":"CardContent","decl":{"start":{"line":64,"column":9},"end":{"line":64,"column":21}},"loc":{"start":{"line":64,"column":75},"end":{"line":72,"column":null}},"line":64},"6":{"name":"CardFooter","decl":{"start":{"line":74,"column":9},"end":{"line":74,"column":20}},"loc":{"start":{"line":74,"column":74},"end":{"line":82,"column":null}},"line":74}},"branchMap":{},"s":{"0":7,"1":2,"2":2,"3":2,"4":0,"5":7,"6":0},"f":{"0":7,"1":2,"2":2,"3":2,"4":0,"5":7,"6":0},"b":{},"meta":{"lastBranch":0,"lastFunction":7,"lastStatement":7,"seen":{"f:5:9:5:14":0,"s:6:2:14:Infinity":0,"f:18:9:18:20":1,"s:19:2:27:Infinity":1,"f:31:9:31:19":2,"s:32:2:37:Infinity":2,"f:41:9:41:25":3,"s:42:2:47:Infinity":3,"f:51:9:51:20":4,"s:52:2:60:Infinity":4,"f:64:9:64:21":5,"s:65:2:70:Infinity":5,"f:74:9:74:20":6,"s:75:2:80:Infinity":6},"fnNames":{}}}
,"C:\\Github\\MiniHotel\\frontend\\components\\ui\\input.tsx": {"path":"C:\\Github\\MiniHotel\\frontend\\components\\ui\\input.tsx","statementMap":{"0":{"start":{"line":6,"column":2},"end":{"line":17,"column":null}}},"fnMap":{"0":{"name":"Input","decl":{"start":{"line":5,"column":9},"end":{"line":5,"column":15}},"loc":{"start":{"line":5,"column":77},"end":{"line":19,"column":null}},"line":5}},"branchMap":{},"s":{"0":130},"f":{"0":130},"b":{},"meta":{"lastBranch":0,"lastFunction":1,"lastStatement":1,"seen":{"f:5:9:5:15":0,"s:6:2:17:Infinity":0},"fnNames":{}}}
,"C:\\Github\\MiniHotel\\frontend\\components\\ui\\label.tsx": {"path":"C:\\Github\\MiniHotel\\frontend\\components\\ui\\label.tsx","statementMap":{"0":{"start":{"line":1,"column":0},"end":{"line":1,"column":null}},"1":{"start":{"line":12,"column":2},"end":{"line":20,"column":null}}},"fnMap":{"0":{"name":"Label","decl":{"start":{"line":8,"column":9},"end":{"line":8,"column":15}},"loc":{"start":{"line":11,"column":53},"end":{"line":22,"column":null}},"line":11}},"branchMap":{},"s":{"0":1,"1":338},"f":{"0":338},"b":{},"meta":{"lastBranch":0,"lastFunction":1,"lastStatement":2,"seen":{"s:1:0:1:Infinity":0,"f:8:9:8:15":0,"s:12:2:20:Infinity":1},"fnNames":{}}}
,"C:\\Github\\MiniHotel\\frontend\\components\\ui\\pagination.tsx": {"path":"C:\\Github\\MiniHotel\\frontend\\components\\ui\\pagination.tsx","statementMap":{"0":{"start":{"line":12,"column":2},"end":{"line":19,"column":null}},"1":{"start":{"line":27,"column":2},"end":{"line":32,"column":null}},"2":{"start":{"line":37,"column":2},"end":{"line":37,"column":null}},"3":{"start":{"line":51,"column":2},"end":{"line":64,"column":null}},"4":{"start":{"line":72,"column":2},"end":{"line":81,"column":null}},"5":{"start":{"line":89,"column":2},"end":{"line":98,"column":null}},"6":{"start":{"line":106,"column":2},"end":{"line":115,"column":null}}},"fnMap":{"0":{"name":"Pagination","decl":{"start":{"line":11,"column":9},"end":{"line":11,"column":20}},"loc":{"start":{"line":11,"column":74},"end":{"line":21,"column":null}},"line":11},"1":{"name":"PaginationContent","decl":{"start":{"line":23,"column":9},"end":{"line":23,"column":27}},"loc":{"start":{"line":26,"column":31},"end":{"line":34,"column":null}},"line":26},"2":{"name":"PaginationItem","decl":{"start":{"line":36,"column":9},"end":{"line":36,"column":24}},"loc":{"start":{"line":36,"column":66},"end":{"line":38,"column":null}},"line":36},"3":{"name":"PaginationLink","decl":{"start":{"line":45,"column":9},"end":{"line":45,"column":24}},"loc":{"start":{"line":50,"column":24},"end":{"line":66,"column":null}},"line":50},"4":{"name":"PaginationPrevious","decl":{"start":{"line":68,"column":9},"end":{"line":68,"column":28}},"loc":{"start":{"line":71,"column":48},"end":{"line":83,"column":null}},"line":71},"5":{"name":"PaginationNext","decl":{"start":{"line":85,"column":9},"end":{"line":85,"column":24}},"loc":{"start":{"line":88,"column":48},"end":{"line":100,"column":null}},"line":88},"6":{"name":"PaginationEllipsis","decl":{"start":{"line":102,"column":9},"end":{"line":102,"column":28}},"loc":{"start":{"line":105,"column":33},"end":{"line":117,"column":null}},"line":105}},"branchMap":{"0":{"loc":{"start":{"line":48,"column":2},"end":{"line":48,"column":null}},"type":"default-arg","locations":[{"start":{"line":48,"column":9},"end":{"line":48,"column":null}}],"line":48},"1":{"loc":{"start":{"line":53,"column":20},"end":{"line":53,"column":null}},"type":"cond-expr","locations":[{"start":{"line":53,"column":31},"end":{"line":53,"column":40}},{"start":{"line":53,"column":40},"end":{"line":53,"column":null}}],"line":53},"2":{"loc":{"start":{"line":58,"column":19},"end":{"line":58,"column":null}},"type":"cond-expr","locations":[{"start":{"line":58,"column":30},"end":{"line":58,"column":42}},{"start":{"line":58,"column":42},"end":{"line":58,"column":null}}],"line":58}},"s":{"0":5,"1":5,"2":15,"3":0,"4":0,"5":0,"6":0},"f":{"0":5,"1":5,"2":15,"3":0,"4":0,"5":0,"6":0},"b":{"0":[0],"1":[0,0],"2":[0,0]},"meta":{"lastBranch":3,"lastFunction":7,"lastStatement":7,"seen":{"f:11:9:11:20":0,"s:12:2:19:Infinity":0,"f:23:9:23:27":1,"s:27:2:32:Infinity":1,"f:36:9:36:24":2,"s:37:2:37:Infinity":2,"f:45:9:45:24":3,"b:48:9:48:Infinity":0,"s:51:2:64:Infinity":3,"b:53:31:53:40:53:40:53:Infinity":1,"b:58:30:58:42:58:42:58:Infinity":2,"f:68:9:68:28":4,"s:72:2:81:Infinity":4,"f:85:9:85:24":5,"s:89:2:98:Infinity":5,"f:102:9:102:28":6,"s:106:2:115:Infinity":6},"fnNames":{}}}
,"C:\\Github\\MiniHotel\\frontend\\components\\ui\\slider.tsx": {"path":"C:\\Github\\MiniHotel\\frontend\\components\\ui\\slider.tsx","statementMap":{"0":{"start":{"line":1,"column":0},"end":{"line":1,"column":null}},"1":{"start":{"line":16,"column":18},"end":{"line":24,"column":null}},"2":{"start":{"line":18,"column":6},"end":{"line":22,"column":null}},"3":{"start":{"line":26,"column":2},"end":{"line":59,"column":null}},"4":{"start":{"line":53,"column":8},"end":{"line":57,"column":null}}},"fnMap":{"0":{"name":"Slider","decl":{"start":{"line":8,"column":9},"end":{"line":8,"column":16}},"loc":{"start":{"line":15,"column":54},"end":{"line":61,"column":null}},"line":15},"1":{"name":"(anonymous_1)","decl":{"start":{"line":16,"column":24},"end":{"line":16,"column":null}},"loc":{"start":{"line":18,"column":6},"end":{"line":22,"column":null}},"line":18},"2":{"name":"(anonymous_2)","decl":{"start":{"line":52,"column":43},"end":{"line":52,"column":47}},"loc":{"start":{"line":53,"column":8},"end":{"line":57,"column":null}},"line":53}},"branchMap":{"0":{"loc":{"start":{"line":12,"column":2},"end":{"line":12,"column":null}},"type":"default-arg","locations":[{"start":{"line":12,"column":8},"end":{"line":12,"column":null}}],"line":12},"1":{"loc":{"start":{"line":13,"column":2},"end":{"line":13,"column":null}},"type":"default-arg","locations":[{"start":{"line":13,"column":8},"end":{"line":13,"column":null}}],"line":13},"2":{"loc":{"start":{"line":18,"column":6},"end":{"line":22,"column":null}},"type":"cond-expr","locations":[{"start":{"line":19,"column":10},"end":{"line":19,"column":null}},{"start":{"line":20,"column":10},"end":{"line":22,"column":null}}],"line":18},"3":{"loc":{"start":{"line":20,"column":10},"end":{"line":22,"column":null}},"type":"cond-expr","locations":[{"start":{"line":21,"column":12},"end":{"line":21,"column":null}},{"start":{"line":22,"column":12},"end":{"line":22,"column":null}}],"line":20}},"s":{"0":1,"1":5,"2":5,"3":5,"4":5},"f":{"0":5,"1":5,"2":5},"b":{"0":[5],"1":[5],"2":[5,0],"3":[0,0]},"meta":{"lastBranch":4,"lastFunction":3,"lastStatement":5,"seen":{"s:1:0:1:Infinity":0,"f:8:9:8:16":0,"b:12:8:12:Infinity":0,"b:13:8:13:Infinity":1,"s:16:18:24:Infinity":1,"f:16:24:16:Infinity":1,"s:18:6:22:Infinity":2,"b:19:10:19:Infinity:20:10:22:Infinity":2,"b:21:12:21:Infinity:22:12:22:Infinity":3,"s:26:2:59:Infinity":3,"f:52:43:52:47":2,"s:53:8:57:Infinity":4},"fnNames":{}}}
,"C:\\Github\\MiniHotel\\frontend\\components\\ui\\textarea.tsx": {"path":"C:\\Github\\MiniHotel\\frontend\\components\\ui\\textarea.tsx","statementMap":{"0":{"start":{"line":6,"column":2},"end":{"line":14,"column":null}}},"fnMap":{"0":{"name":"Textarea","decl":{"start":{"line":5,"column":9},"end":{"line":5,"column":18}},"loc":{"start":{"line":5,"column":77},"end":{"line":16,"column":null}},"line":5}},"branchMap":{},"s":{"0":26},"f":{"0":26},"b":{},"meta":{"lastBranch":0,"lastFunction":1,"lastStatement":1,"seen":{"f:5:9:5:18":0,"s:6:2:14:Infinity":0},"fnNames":{}}}
,"C:\\Github\\MiniHotel\\frontend\\lib\\local-db.ts": {"path":"C:\\Github\\MiniHotel\\frontend\\lib\\local-db.ts","statementMap":{"0":{"start":{"line":3,"column":22},"end":{"line":8,"column":null}},"1":{"start":{"line":10,"column":23},"end":{"line":14,"column":null}},"2":{"start":{"line":16,"column":25},"end":{"line":59,"column":null}},"3":{"start":{"line":61,"column":29},"end":{"line":66,"column":null}},"4":{"start":{"line":68,"column":28},"end":{"line":70,"column":null}},"5":{"start":{"line":72,"column":25},"end":{"line":75,"column":null}},"6":{"start":{"line":77,"column":31},"end":{"line":80,"column":null}},"7":{"start":{"line":82,"column":25},"end":{"line":86,"column":null}},"8":{"start":{"line":88,"column":35},"end":{"line":88,"column":null}},"9":{"start":{"line":90,"column":27},"end":{"line":92,"column":null}},"10":{"start":{"line":95,"column":2},"end":{"line":95,"column":null}},"11":{"start":{"line":95,"column":37},"end":{"line":95,"column":null}},"12":{"start":{"line":96,"column":14},"end":{"line":96,"column":null}},"13":{"start":{"line":97,"column":2},"end":{"line":100,"column":null}},"14":{"start":{"line":98,"column":4},"end":{"line":98,"column":null}},"15":{"start":{"line":99,"column":4},"end":{"line":99,"column":null}},"16":{"start":{"line":101,"column":2},"end":{"line":105,"column":null}},"17":{"start":{"line":102,"column":4},"end":{"line":102,"column":null}},"18":{"start":{"line":104,"column":4},"end":{"line":104,"column":null}},"19":{"start":{"line":109,"column":2},"end":{"line":111,"column":null}},"20":{"start":{"line":110,"column":4},"end":{"line":110,"column":null}},"21":{"start":{"line":115,"column":14},"end":{"line":115,"column":null}},"22":{"start":{"line":116,"column":19},"end":{"line":116,"column":null}},"23":{"start":{"line":117,"column":17},"end":{"line":117,"column":null}},"24":{"start":{"line":118,"column":15},"end":{"line":118,"column":null}},"25":{"start":{"line":121,"column":16},"end":{"line":121,"column":null}},"26":{"start":{"line":122,"column":17},"end":{"line":122,"column":null}},"27":{"start":{"line":123,"column":19},"end":{"line":123,"column":null}},"28":{"start":{"line":124,"column":23},"end":{"line":124,"column":null}},"29":{"start":{"line":125,"column":22},"end":{"line":125,"column":null}},"30":{"start":{"line":126,"column":19},"end":{"line":126,"column":null}},"31":{"start":{"line":127,"column":24},"end":{"line":127,"column":null}},"32":{"start":{"line":128,"column":19},"end":{"line":128,"column":null}},"33":{"start":{"line":129,"column":21},"end":{"line":129,"column":null}},"34":{"start":{"line":130,"column":20},"end":{"line":130,"column":null}},"35":{"start":{"line":131,"column":16},"end":{"line":131,"column":null}},"36":{"start":{"line":133,"column":8},"end":{"line":138,"column":null}},"37":{"start":{"line":134,"column":4},"end":{"line":137,"column":null}},"38":{"start":{"line":141,"column":2},"end":{"line":143,"column":null}},"39":{"start":{"line":142,"column":4},"end":{"line":142,"column":null}},"40":{"start":{"line":144,"column":2},"end":{"line":155,"column":null}},"41":{"start":{"line":145,"column":35},"end":{"line":145,"column":null}},"42":{"start":{"line":146,"column":20},"end":{"line":146,"column":null}},"43":{"start":{"line":146,"column":43},"end":{"line":146,"column":93}},"44":{"start":{"line":147,"column":4},"end":{"line":153,"column":null}},"45":{"start":{"line":148,"column":25},"end":{"line":148,"column":null}},"46":{"start":{"line":149,"column":25},"end":{"line":151,"column":null}},"47":{"start":{"line":152,"column":6},"end":{"line":152,"column":null}},"48":{"start":{"line":154,"column":4},"end":{"line":154,"column":null}},"49":{"start":{"line":156,"column":2},"end":{"line":168,"column":null}},"50":{"start":{"line":157,"column":35},"end":{"line":157,"column":null}},"51":{"start":{"line":158,"column":4},"end":{"line":160,"column":null}},"52":{"start":{"line":159,"column":6},"end":{"line":159,"column":null}},"53":{"start":{"line":161,"column":19},"end":{"line":161,"column":null}},"54":{"start":{"line":161,"column":42},"end":{"line":161,"column":65}},"55":{"start":{"line":162,"column":4},"end":{"line":164,"column":null}},"56":{"start":{"line":163,"column":6},"end":{"line":163,"column":null}},"57":{"start":{"line":165,"column":4},"end":{"line":165,"column":null}},"58":{"start":{"line":166,"column":4},"end":{"line":166,"column":null}},"59":{"start":{"line":167,"column":4},"end":{"line":167,"column":null}},"60":{"start":{"line":169,"column":2},"end":{"line":171,"column":null}},"61":{"start":{"line":170,"column":4},"end":{"line":170,"column":null}},"62":{"start":{"line":174,"column":2},"end":{"line":184,"column":null}},"63":{"start":{"line":175,"column":4},"end":{"line":177,"column":null}},"64":{"start":{"line":176,"column":6},"end":{"line":176,"column":null}},"65":{"start":{"line":178,"column":4},"end":{"line":183,"column":null}},"66":{"start":{"line":179,"column":23},"end":{"line":179,"column":null}},"67":{"start":{"line":180,"column":6},"end":{"line":180,"column":null}},"68":{"start":{"line":181,"column":6},"end":{"line":181,"column":null}},"69":{"start":{"line":182,"column":6},"end":{"line":182,"column":null}},"70":{"start":{"line":185,"column":25},"end":{"line":185,"column":null}},"71":{"start":{"line":186,"column":2},"end":{"line":203,"column":null}},"72":{"start":{"line":187,"column":15},"end":{"line":187,"column":null}},"73":{"start":{"line":188,"column":18},"end":{"line":188,"column":null}},"74":{"start":{"line":188,"column":45},"end":{"line":188,"column":57}},"75":{"start":{"line":189,"column":4},"end":{"line":195,"column":null}},"76":{"start":{"line":190,"column":6},"end":{"line":194,"column":null}},"77":{"start":{"line":191,"column":8},"end":{"line":191,"column":null}},"78":{"start":{"line":192,"column":8},"end":{"line":192,"column":null}},"79":{"start":{"line":193,"column":8},"end":{"line":193,"column":null}},"80":{"start":{"line":196,"column":4},"end":{"line":202,"column":null}},"81":{"start":{"line":197,"column":6},"end":{"line":200,"column":null}},"82":{"start":{"line":198,"column":8},"end":{"line":198,"column":null}},"83":{"start":{"line":199,"column":8},"end":{"line":199,"column":null}},"84":{"start":{"line":201,"column":6},"end":{"line":201,"column":null}},"85":{"start":{"line":206,"column":2},"end":{"line":216,"column":null}},"86":{"start":{"line":207,"column":4},"end":{"line":209,"column":null}},"87":{"start":{"line":208,"column":6},"end":{"line":208,"column":null}},"88":{"start":{"line":210,"column":4},"end":{"line":215,"column":null}},"89":{"start":{"line":211,"column":22},"end":{"line":211,"column":null}},"90":{"start":{"line":212,"column":6},"end":{"line":212,"column":null}},"91":{"start":{"line":213,"column":6},"en
[...]
38":0,"139":0,"140":0,"141":0,"142":0,"143":0,"144":0,"145":0,"146":0,"147":0,"148":0,"149":0,"150":0,"151":0,"152":0,"153":0,"154":0,"155":0,"156":0,"157":0,"158":0,"159":0,"160":0,"161":0,"162":0,"163":0,"164":0,"165":0,"166":0,"167":0,"168":0,"169":0,"170":0,"171":0,"172":0,"173":0,"174":0,"175":0,"176":0,"177":0,"178":0,"179":0,"180":0,"181":0,"182":0,"183":0,"184":0,"185":0,"186":0,"187":0,"188":0,"189":0,"190":0,"191":0,"192":0,"193":0,"194":0,"195":0,"196":0,"197":0,"198":0,"199":0,"200":0,"201":0,"202":0,"203":0,"204":0,"205":0,"206":0,"207":0,"208":0,"209":0,"210":0,"211":0,"212":0,"213":0,"214":0,"215":0,"216":0,"217":0,"218":0,"219":0,"220":0,"221":0,"222":0,"223":0,"224":0,"225":0,"226":0,"227":0,"228":0,"229":0,"230":0,"231":0,"232":0,"233":0,"234":0,"235":0,"236":0,"237":0,"238":0,"239":0,"240":0,"241":0,"242":0,"243":0,"244":0,"245":0,"246":0,"247":0,"248":0,"249":0,"250":0,"251":0,"252":0,"253":0,"254":0,"255":0,"256":0,"257":0,"258":0,"259":0,"260":0,"261":0,"262":0,"263":0,"264":0,"265":0,"266":0,"267":0,"268":0,"269":0,"270":0,"271":0,"272":0,"273":0,"274":0,"275":0,"276":0,"277":0,"278":0,"279":0,"280":0,"281":0,"282":0,"283":0,"284":0,"285":0,"286":0,"287":0,"288":0,"289":0,"290":0,"291":0,"292":0,"293":0,"294":0,"295":0,"296":0,"297":0,"298":0,"299":0,"300":0,"301":0,"302":0,"303":0,"304":0,"305":0,"306":0,"307":0,"308":0,"309":0,"310":0,"311":0,"312":0,"313":0,"314":0,"315":0,"316":0,"317":0,"318":0,"319":0,"320":0,"321":0,"322":0,"323":0,"324":0,"325":0},"f":{"0":110,"1":3,"2":10,"3":10,"4":2,"5":1,"6":0,"7":0,"8":0,"9":0,"10":0,"11":0,"12":0,"13":0,"14":0,"15":0,"16":0,"17":0,"18":0,"19":0,"20":0,"21":0,"22":0,"23":0,"24":0,"25":0,"26":0,"27":0,"28":0,"29":0,"30":0,"31":0,"32":0},"b":{"0":[0,110],"1":[66,44],"2":[3,0],"3":[10,0],"4":[10,2],"5":[8,2],"6":[10],"7":[2,8],"8":[3,5],"9":[3,0],"10":[2,2],"11":[2,1],"12":[3,2,1],"13":[2,0],"14":[2,0],"15":[2,0],"16":[5,0],"17":[5,0],"18":[1,4],"19":[5,5],"20":[1,3],"21":[0,0],"22":[0,0],"23":[0,0],"24":[0,0],"25":[0,0],"26":[0,0],"27":[0,0],"28":[0,0],"29":[0,0],"30":[0,0],"31":[0,0],"32":[0,0],"33":[0,0],"34":[0,0],"35":[0,0],"36":[0,0],"37":[0,0],"38":[0,0],"39":[0,0],"40":[0,0],"41":[0,0],"42":[0,0],"43":[0,0],"44":[0,0],"45":[0,0],"46":[0,0],"47":[0,0],"48":[0,0],"49":[0,0],"50":[0,0],"51":[0,0],"52":[0,0],"53":[0,0],"54":[0,0],"55":[0,0],"56":[0,0],"57":[0,0],"58":[0,0],"59":[0,0],"60":[0,0],"61":[0,0],"62":[0,0],"63":[0,0],"64":[0,0],"65":[0,0],"66":[0,0],"67":[0,0],"68":[0,0],"69":[0,0],"70":[0,0],"71":[0,0],"72":[0,0],"73":[0,0],"74":[0,0],"75":[0,0],"76":[0,0],"77":[0,0],"78":[0,0],"79":[0,0],"80":[0,0],"81":[0,0],"82":[0,0],"83":[0,0],"84":[0,0],"85":[0,0],"86":[0,0],"87":[0,0],"88":[0,0],"89":[0,0],"90":[0,0],"91":[0,0],"92":[0,0],"93":[0,0],"94":[0,0],"95":[0,0],"96":[0,0],"97":[0,0],"98":[0,0],"99":[0,0],"100":[0,0],"101":[0,0],"102":[0,0],"103":[0,0],"104":[0,0],"105":[0,0],"106":[0,0],"107":[0,0],"108":[0,0],"109":[0,0],"110":[0,0],"111":[0,0],"112":[0,0],"113":[0,0],"114":[0,0],"115":[0,0],"116":[0,0],"117":[0,0]},"meta":{"lastBranch":118,"lastFunction":33,"lastStatement":326,"seen":{"s:3:22:8:Infinity":0,"s:10:23:14:Infinity":1,"s:16:25:59:Infinity":2,"s:61:29:66:Infinity":3,"s:68:28:70:Infinity":4,"s:72:25:75:Infinity":5,"s:77:31:80:Infinity":6,"s:82:25:86:Infinity":7,"s:88:35:88:Infinity":8,"s:90:27:92:Infinity":9,"f:94:9:94:23":0,"b:95:2:95:Infinity:undefined:undefined:undefined:undefined":0,"s:95:2:95:Infinity":10,"s:95:37:95:Infinity":11,"s:96:14:96:Infinity":12,"b:97:2:100:Infinity:undefined:undefined:undefined:undefined":1,"s:97:2:100:Infinity":13,"s:98:4:98:Infinity":14,"s:99:4:99:Infinity":15,"s:101:2:105:Infinity":16,"s:102:4:102:Infinity":17,"s:104:4:104:Infinity":18,"f:108:9:108:23":1,"b:109:2:111:Infinity:undefined:undefined:undefined:undefined":2,"s:109:2:111:Infinity":19,"s:110:4:110:Infinity":20,"f:114:16:114:32":2,"s:115:14:115:Infinity":21,"b:115:62:115:87:115:87:115:110":3,"s:116:19:116:Infinity":22,"s:117:17:117:Infinity":23,"b:117:17:117:33:117:33:117:Infinity":4,"s:118:15:118:Infinity":24,"b:118:28:118:62:118:62:118:Infinity":5,"s:121:16:121:Infinity":25,"s:122:17:122:Infinity":26,"s:123:19:123:Infinity":27,"s:124:23:124:Infinity":28,"s:125:22:125:Infinity":29,"s:126:19:126:Infinity":30,"s:127:24:127:Infinity":31,"s:128:19:128:Infinity":32,"s:129:21:129:Infinity":33,"s:130:20:130:Infinity":34,"s:131:16:131:Infinity":35,"s:133:8:138:Infinity":36,"f:133:8:133:24":3,"b:133:44:133:52":6,"s:134:4:137:Infinity":37,"b:141:2:143:Infinity:undefined:undefined:undefined:undefined":7,"s:141:2:143:Infinity":38,"s:142:4:142:Infinity":39,"b:144:2:155:Infinity:undefined:undefined:undefined:undefined":8,"s:144:2:155:Infinity":40,"s:145:35:145:Infinity":41,"b:145:35:145:43:145:43:145:Infinity":9,"s:146:20:146:Infinity":42,"f:146:26:146:32":4,"s:146:43:146:93":43,"b:146:43:146:70:146:70:146:93":10,"b:147:4:153:Infinity:undefined:undefined:undefined:undefined":11,"s:147:4:153:Infinity":44,"b:147:8:147:20:147:20:147:42:147:42:147:65":12,"s:148:25:148:Infinity":45,"b:148:49:148:61:148:61:148:69":13,"s:149:25:151:Infinity":46,"b:150:10:150:Infinity:151:10:151:Infinity":14,"s:152:6:152:Infinity":47,"b:152:73:152:85:152:85:152:93":15,"s:154:4:154:Infinity":48,"b:156:2:168:Infinity:undefined:undefined:undefined:undefined":16,"s:156:2:168:Infinity":49,"s:157:35:157:Infinity":50,"b:157:35:157:43:157:43:157:Infinity":17,"b:158:4:160:Infinity:undefined:undefined:undefined:undefined":18,"s:158:4:160:Infinity":51,"b:158:8:158:21:158:21:158:32":19,"s:159:6:159:Infinity":52,"s:161:19:161:Infinity":53,"f:161:25:161:31":5,"s:161:42:161:65":54,"b:162:4:164:Infinity:undefined:undefined:undefined:undefined":20,"s:162:4:164:Infinity":55,"s:163:6:163:Infinity":56,"s:165:4:165:Infinity":57,"s:166:4:166:Infinity":58,"s:167:4:167:Infinity":59,"b:169:2:171:Infinity:undefined:undefined:undefined:undefined":21,"s:169:2:171:Infinity":60,"s:170:4:170:Infinity":61,"b:174:2:184:Infinity:undefined:undefined:undefined:undefined":22,"s:174:2:184:Infinity":62,"b:175:4:177:Infinity:undefined:undefined:undefined:undefined":23,"s:175:4:177:Infinity":63,"s:176:6:176:Infinity":64,"b:178:4:183:Infinity:undefined:undefined:undefined:undefined":24,"s:178:4:183:Infinity":65,"s:179:23:179:Infinity":66,"s:180:6:180:Infinity":67,"s:181:6:181:Infinity":68,"s:182:6:182:Infinity":69,"s:185:25:185:Infinity":70,"b:186:2:203:Infinity:undefined:undefined:undefined:undefined":25,"s:186:2:203:Infinity":71,"s:187:15:187:Infinity":72,"s:188:18:188:Infinity":73,"f:188:29:188:39":6,"s:188:45:188:57":74,"b:189:4:195:Infinity:undefined:undefined:undefined:undefined":26,"s:189:4:195:Infinity":75,"b:190:6:194:Infinity:undefined:undefined:undefined:undefined":27,"s:190:6:194:Infinity":76,"s:191:8:191:Infinity":77,"s:192:8:192:Infinity":78,"s:193:8:193:Infinity":79,"b:196:4:202:Infinity:undefined:undefined:undefined:undefined":28,"s:196:4:202:Infinity":80,"b:197:6:200:Infinity:undefined:undefined:undefined:undefined":29,"s:197:6:200:Infinity":81,"s:198:8:198:Infinity":82,"s:199:8:199:Infinity":83,"s:201:6:201:Infinity":84,"b:206:2:216:Infinity:undefined:undefined:undefined:undefined":30,"s:206:2:216:Infinity":85,"b:207:4:209:Infinity:undefined:undefined:undefined:undefined":31,"s:207:4:209:Infinity":86,"s:208:6:208:Infinity":87,"b:210:4:215:Infinity:undefined:undefined:undefined:undefined":32,"s:210:4:215:Infinity":88,"s:211:22:211:Infinity":89,"b:211:60:211:78:211:78:211:83":33,"s:212:6:212:Infinity":90,"s:213:6:213:Infinity":91,"s:214:6:214:Infinity":92,"s:217:20:217:Infinity":93,"b:218:2:238:Infinity:undefined:undefined:undefined:undefined":34,"s:218:2:238:Infinity":94,"s:219:15:219:Infinity":95,"s:220:18:220:Infinity":96,"f:220:24:220:34":7,"s:220:39:220:50":97,"b:221:4:223:Infinity:undefined:undefined:undefined:undefined":35,"s:221:4:223:Infinity":98,"s:222:6:222:Infinity":99,"b:222:26:222:42:222:42:222:46":36,"b:224:4:230:Infinity:undefined:undefined:undefined:undefined":37,"s:224:4:230:Infinity":100,"b:225:6:229:Infinity:undefined:undefined:undefined:undefined":38,"s:225:6:229:Infinity":101,"s:226:8:226:Infinity":102,"s:227:8:227:Infinity":103,"s:228:8:228:Infinity":104,"b:231:4:237:Infinity:undefined:undefined:undefined:undefined":39,"s:231:4:237:Infinity":105,"b:232:6:235:Infinity:undefined:undefined:undefined:undefined":40,"s:232:6:235:Infinity":106,"s:233:8:233:Infinity":107,"s:234:8:234:Infinity":108,"s:236:6:236:Infinity":109,"b:241:2:248:Infinity:undefined:undefined:undefined:undefined":41,"s:241:2:248:Infinity":110,"s:242:18:242:Infinity":111,"b:242:18:242:47:242:47:242:Infinity":42,"s:243:21:246:Infinity":112,"f:243:28:243:35":8,"s:244:6:245:Infinity":113,"b:244:6:244:Infinity:245:6:245:Infinity":43,"s:247:4:247:Infinity":114,"b:249:2:259:Infinity:undefined:undefined:undefined:undefined":44,"s:249:2:259:Infinity":115,"b:250:4:252:Infinity:undefined:undefined:undefined:undefined":45,"s:250:4:252:Infinity":116,"s:251:6:251:Infinity":117,"b:253:4:258:Infinity:undefined:undefined:undefined:undefined":46,"s:253:4:258:Infinity":118,"s:254:23:254:Infinity":119,"s:255:6:255:Infinity":120,"s:256:6:256:Infinity":121,"s:257:6:257:Infinity":122,"s:260:21:260:Infinity":123,"b:261:2:281:Infinity:undefined:undefined:undefined:undefined":47,"s:261:2:281:Infinity":124,"s:262:15:262:Infinity":125,"s:263:18:263:Infinity":126,"f:263:25:263:35":9,"s:263:40:263:51":127,"b:264:4:266:Infinity:undefined:undefined:undefined:undefined":48,"s:264:4:266:Infinity":128,"s:265:6:265:Infinity":129,"b:265:26:265:43:265:43:265:47":49,"b:267:4:273:Infinity:undefined:undefined:undefined:undefined":50,"s:267:4:273:Infinity":130,"b:268:6:272:Infinity:undefined:undefined:undefined:undefined":51,"s:268:6:272:Infinity":131,"s:269:8:269:Infinity":132,"s:270:8:270:Infinity":133,"s:271:8:271:Infinity":134,"b:274:4:280:Infinity:undefined:undefined:undefined:undefined":52,"s:274:4:280:Infinity":135,"b:275:6:278:Infinity:undefined:undefined:undefined:undefined":53,"s:275:6:278:Infinity":136,"s:276:8:276:Infinity":137,"s:277:8:277:Infinity":138,"s:279:6:279:Infinity":139,"b:284:2:313:Infinity:undefined:undefined:undefined:undefined":54,"s:284:2:313:Infinity":140,"s:285:19:285:Infinity":141,"s:286:17:286:Infinity":142,"f:286:23:286:28":10,"s:286:33:286:48":143,"b:287:4:287:Infinity:undefined:undefined:undefined:undefined":55,"s:287:4:287:Infinity":144,"s:287:15:287:Infinity":145,"s:288:20:288:Infinity":146,"s:289:21:289:Infinity":147,"s:290:19:290:Infinity":148,"s:291:15:291:Infinity":149,"s:293:25:297:Infinity":150,"f:293:39:293:44":11,"s:294:20:294:Infinity":151,"s:295:18:295:Infinity":152,"s:296:6:296:Infinity":153,"b:296:13:296:33:296:33:296:Infinity":56,"b:298:4:300:Infinity:undefined:undefined:undefined:undefined":57,"s:298:4:300:Infinity":154,"s:299:6:299:Infinity":155,"s:301:22:301:Infinity":156,"s:303:24:303:Infinity":157,"b:304:4:311:Infinity:undefined:undefined:undefined:undefined":58,"s:304:4:311:Infinity":158,"b:304:8:304:26:304:26:304:56":59,"s:305:6:310:Infinity":159,"f:305:20:305:29":12,"s:306:21:306:Infinity":160,"f:306:30:306:35":13,"s:306:42:306:65":161,"b:307:8:309:Infinity:undefined:undefined:undefined:undefined":60,"s:307:8:309:Infinity":162,"s:308:10:308:Infinity":163,"b:308:41:308:55:308:55:308:Infinity":61,"s:312:4:312:Infinity":164,"s:316:8:324:Infinity":165,"f:316:8:316:27":14,"s:317:21:317:Infinity":166,"b:317:21:317:62:317:62:317:Infinity":62,"f:317:28:317:33":15,"s:317:38:317:57":167,"s:318:20:318:Infinity":168,"b:318:20:318:59:318:59:318:Infinity":63,"f:318:26:318:31":16,"s:318:36:318:54":169,"s:319:4:323:Infinity":170,"b:326:2:350:Infinity:undefined:undefined:undefined:undefined":64,"s:326:2:350:Infinity":171,"b:327:4:336:Infinity:undefined:undefined:undefined:undefined":65,"s:327:4:336:Infinity":172,"s:328:24:328:Infinity":173,"s:330:6:335:Infinity":174,"b:337:4:349:Infinity:undefined:undefined:undefined:undefined":66,"s:337:4:349:Infinity":175,"s:338:25:345:Infinity":176,"b:342:16:342:31:342:31:342:Infinity":67,"b:343:24:343:47:343:47:343:Infinity":68,"b:344:18:344:35:344:35:344:Infinity":69,"s:346:6:346:Infinity":177,"s:347:6:347:Infinity":178,"s:348:6:348:Infinity":179,"s:351:23:351:Infinity":180,"b:352:2:372:Infinity:undefined:undefined:undefined:undefined":70,"s:352:2:372:Infinity":181,"s:353:15:353:Infinity":182,"s:354:18:354:Infinity":183,"f:354:27:354:37":17,"s:354:42:354:53":184,"b:355:4:357:Infinity:undefined:undefined:undefined:undefined":71,"s:355:4:357:Infinity":185,"s:356:6:356:Infinity":186,"b:356:44:356:79:356:79:356:83":72,"b:358:4:364:Infinity:undefined:undefined:undefined:undefined":73,"s:358:4:364:Infinity":187,"b:359:6:363:Infinity:undefined:undefined:undefined:undefined":74,"s:359:6:363:Infinity":188,"s:360:8:360:Infinity":189,"s:361:8:361:Infinity":190,"s:362:8:362:Infinity":191,"b:365:4:371:Infinity:undefined:undefined:undefined:undefined":75,"s:365:4:371:Infinity":192,"b:366:6:369:Infinity:undefined:undefined:undefined:undefined":76,"s:366:6:369:Infinity":193,"s:367:8:367:Infinity":194,"s:368:8:368:Infinity":195,"s:370:6:370:Infinity":196,"s:373:29:373:Infinity":197,"b:374:2:384:Infinity:undefined:undefined:undefined:undefined":77,"s:374:2:384:Infinity":198,"s:375:15:375:Infinity":199,"s:376:18:376:Infinity":200,"f:376:27:376:37":18,"s:376:42:376:53":201,"b:377:4:383:Infinity:undefined:undefined:undefined:undefined":78,"s:377:4:383:Infinity":202,"b:378:6:382:Infinity:undefined:undefined:undefined:undefined":79,"s:378:6:382:Infinity":203,"s:379:8:379:Infinity":204,"s:380:8:380:Infinity":205,"s:381:8:381:Infinity":206,"b:387:2:397:Infinity:undefined:undefined:undefined:undefined":80,"s:387:2:397:Infinity":207,"b:388:4:390:Infinity:undefined:undefined:undefined:undefined":81,"s:388:4:390:Infinity":208,"s:389:6:389:Infinity":209,"b:391:4:396:Infinity:undefined:undefined:undefined:undefined":82,"s:391:4:396:Infinity":210,"s:392:24:392:Infinity":211,"s:393:6:393:Infinity":212,"s:394:6:394:Infinity":213,"s:395:6:395:Infinity":214,"s:398:28:398:Infinity":215,"b:399:2:409:Infinity:undefined:undefined:undefined:undefined":83,"s:399:2:409:Infinity":216,"s:400:15:400:Infinity":217,"s:401:18:401:Infinity":218,"f:401:31:401:41":19,"s:401:46:401:57":219,"b:402:4:408:Infinity:undefined:undefined:undefined:undefined":84,"s:402:4:408:Infinity":220,"b:403:6:407:Infinity:undefined:undefined:undefined:undefined":85,"s:403:6:407:Infinity":221,"s:404:8:404:Infinity":222,"s:405:8:405:Infinity":223,"s:406:8:406:Infinity":224,"b:412:2:427:Infinity:undefined:undefined:undefined:undefined":86,"s:412:2:427:Infinity":225,"b:413:4:415:Infinity:undefined:undefined:undefined:undefined":87,"s:413:4:415:Infinity":226,"s:414:6:414:Infinity":227,"b:416:4:426:Infinity:undefined:undefined:undefined:undefined":88,"s:416:4:426:Infinity":228,"s:417:24:422:Infinity":229,"s:423:6:423:Infinity":230,"s:424:6:424:Infinity":231,"s:425:6:425:Infinity":232,"s:428:27:428:Infinity":233,"b:429:2:439:Infinity:undefined:undefined:undefined:undefined":89,"s:429:2:439:Infinity":234,"s:430:15:430:Infinity":235,"s:431:18:431:Infinity":236,"f:431:30:431:40":20,"s:431:45:431:56":237,"b:432:4:438:Infinity:undefined:undefined:undefined:undefined":90,"s:432:4:438:Infinity":238,"b:433:6:437:Infinity:undefined:undefined:undefined:undefined":91,"s:433:6:437:Infinity":239,"s:434:8:434:Infinity":240,"s:435:8:435:Infinity":241,"s:436:8:436:Infinity":242,"b:442:2:452:Infinity:undefined:undefined:undefined:undefined":92,"s:442:2:452:Infinity":243,"b:443:4:445:Infinity:undefined:undefined:undefined:undefined":93,"s:443:4:445:Infinity":244,"s:444:6:444:Infinity":245,"b:446:4:451:Infinity:undefined:undefined:undefined:undefined":94,"s:446:4:451:Infinity":246,"s:447:25:447:Infinity":247,"s:448:6:448:Infinity":248,"s:449:6:449:Infinity":249,"s:450:6:450:Infinity":250,"b:455:2:465:Infinity:undefined:undefined:undefined:undefined":95,"s:455:2:465:Infinity":251,"b:456:4:458:Infinity:undefined:undefined:undefined:undefined":96,"s:456:4:458:Infinity":252,"s:457:6:457:Infinity":253,"b:459:4:464:Infinity:undefined:undefined:undefined:undefined":97,"s:459:4:464:Infinity":254,"s:460:22:460:Infinity":255,"s:461:6:461:Infinity":256,"s:462:6:462:Infinity":257,"s:463:6:463:Infinity":258,"s:466:24:466:Infinity":259,"b:467:2:484:Infinity:undefined:undefined:undefined:undefined":98,"s:467:2:484:Infinity":260,"s:468:15:468:Infinity":261,"s:469:18:469:Infinity":262,"f:469:32:469:42":21,"s:469:48:469:60":263,"b:470:4:476:Infinity:undefined:undefined:undefined:undefined":99,"s:470:4:476:Infinity":264,"b:471:6:475:Infinity:undefined:undefined:undefined:undefined":100,"s:471:6:475:Infinity":265,"s:472:8:472:Infinity":266,"s:473:8:473:Infinity":267,"s:474:8:474:Infinity":268,"b:477:4:483:Infinity:undefined:undefined:undefined:undefined":101,"s:477:4:483:Infinity":269,"b:478:6:481:Infinity:undefined:undefined:undefined:undefined":102,"s:478:6:481:Infinity":270,"s:479:8:479:Infinity":271,"s:480:8:480:Infinity":272,"s:482:6:482:Infinity":273,"b:487:2:497:Infinity:undefined:undefined:undefined:undefined":103,"s:487:2:497:Infinity":274,"b:488:4:490:Infinity:undefined:undefined:undefined:undefined":104,"s:488:4:490:Infinity":275,"s:489:6:489:Infinity":276,"b:491:4:496:Infinity:undefined:undefined:undefined:undefined":105,"s:491:4:496:Infinity":277,"s:492:25:492:Infinity":278,"b:492:63:492:81:492:81:492:86":106,"s:493:6:493:Infinity":279,"s:494:6:494:Infinity":280,"s:495:6:495:Infinity":281,"s:498:23:498:Infinity":282,"b:499:2:516:Infinity:undefined:undefined:undefined:undefined":107,"s:499:2:516:Infinity":283,"s:500:15:500:Infinity":284,"s:501:18:501:Infinity":285,"f:501:27:501:37":22,"s:501:42:501:53":286,"b:502:4:508:Infinity:undefined:undefined:undefined:undefined":108,"s:502:4:508:Infinity":287,"b:503:6:507:Infinity:undefined:undefined:undefined:undefined":109,"s:503:6:507:Infinity":288,"s:504:8:504:Infinity":289,"s:505:8:505:Infinity":290,"s:506:8:506:Infinity":291,"b:509:4:515:Infinity:undefined:undefined:undefined:undefined":110,"s:509:4:515:Infinity":292,"b:510:6:513:Infinity:undefined:undefined:undefined:undefined":111,"s:510:6:513:Infinity":293,"s:511:8:511:Infinity":294,"s:512:8:512:Infinity":295,"s:514:6:514:Infinity":296,"b:519:2:529:Infinity:undefined:undefined:undefined:undefined":112,"s:519:2:529:Infinity":297,"s:520:4:528:Infinity":298,"b:532:2:571:Infinity:undefined:undefined:undefined:undefined":113,"s:532:2:571:Infinity":299,"s:533:26:533:Infinity":300,"s:534:25:534:Infinity":301,"f:534:34:534:42":23,"s:534:53:534:82":302,"b:534:60:534:78:534:78:534:82":114,"s:535:25:535:Infinity":303,"f:535:42:535:46":24,"s:535:51:535:61":304,"s:536:25:536:Infinity":305,"b:536:45:536:52:536:52:536:Infinity":115,"s:538:27:542:Infinity":306,"s:544:32:561:Infinity":307,"f:545:53:545:60":25,"s:546:21:546:Infinity":308,"f:546:27:546:32":26,"s:546:37:546:55":309,"s:547:8:547:Infinity":310,"f:549:53:549:60":27,"s:550:21:550:Infinity":311,"f:550:27:550:32":28,"s:550:37:550:55":312,"s:551:8:551:Infinity":313,"f:553:52:553:59":29,"s:554:21:554:Infinity":314,"f:554:27:554:32":30,"s:554:37:554:55":315,"s:555:8:555:Infinity":316,"f:557:53:557:60":31,"s:558:21:558:Infinity":317,"f:558:27:558:32":32,"s:558:37:558:55":318,"s:559:8:559:Infinity":319,"s:563:4:570:Infinity":320,"b:573:2:584:Infinity:undefined:undefined:undefined:undefined":116,"s:573:2:584:Infinity":321,"s:574:4:583:Infinity":322,"b:587:2:589:Infinity:undefined:undefined:undefined:undefined":117,"s:587:2:589:Infinity":323,"s:588:4:588:Infinity":324,"s:592:2:592:Infinity":325},"fnNames":{}}}
,"C:\\Github\\MiniHotel\\frontend\\lib\\utils.ts": {"path":"C:\\Github\\MiniHotel\\frontend\\lib\\utils.ts","statementMap":{"0":{"start":{"line":5,"column":2},"end":{"line":5,"column":null}}},"fnMap":{"0":{"name":"cn","decl":{"start":{"line":4,"column":16},"end":{"line":4,"column":19}},"loc":{"start":{"line":4,"column":44},"end":{"line":6,"column":null}},"line":4}},"branchMap":{},"s":{"0":851},"f":{"0":851},"b":{},"meta":{"lastBranch":0,"lastFunction":1,"lastStatement":1,"seen":{"f:4:16:4:19":0,"s:5:2:5:Infinity":0},"fnNames":{}}}
}
